14:21:25 - main - ERROR - log in failed, admin not exist.
14:22:28 - main - ERROR - log in failed, admin not exist.
14:23:22 - main - ERROR - log in failed, admin not exist.
14:26:31 - main - ERROR - log in failed, admin not exist.
14:39:02 - main - ERROR - log in failed, admin not exist.
15:19:40 - main - ERROR - log in failed, admin not exist.
15:20:42 - main - ERROR - log in failed, admin not exist.
15:53:35 - main - INFO - admin log in.
16:01:55 - main - INFO - admin log in.
16:02:29 - main - INFO - admin log in.
16:10:55 - main - INFO - admin log in.
16:11:03 - main - INFO - admin log in.
16:12:08 - main - INFO - admin log in.
16:12:08 - main - INFO - admin log in.
16:12:59 - main - INFO - admin log in.
16:12:59 - main - INFO - admin log in.
16:15:33 - main - INFO - admin log in.
16:15:34 - main - INFO - admin log in.
16:15:35 - main - INFO - admin log in.
16:15:35 - main - INFO - admin log in.
16:15:35 - main - INFO - admin log in.
16:15:35 - main - INFO - admin log in.
16:15:38 - main - INFO - admin log in.
16:15:38 - main - INFO - admin log in.
16:15:38 - main - INFO - admin log in.
16:15:52 - main - INFO - admin log in.
16:15:52 - main - INFO - admin log in.
16:15:53 - main - INFO - admin log in.
16:17:35 - main - INFO - admin log in.
16:17:35 - main - INFO - admin log in.
16:17:36 - main - INFO - admin log in.
16:17:36 - main - INFO - admin log in.
16:18:00 - main - INFO - admin log in.
16:19:02 - main - INFO - admin log in.
16:19:03 - main - INFO - admin log in.
16:19:03 - main - INFO - admin log in.
16:19:32 - main - INFO - admin log in.
16:19:32 - main - INFO - admin log in.
16:19:33 - main - INFO - admin log in.
16:20:00 - main - INFO - admin log in.
16:20:01 - main - INFO - admin log in.
16:20:01 - main - INFO - admin log in.
16:20:01 - main - INFO - admin log in.
16:20:02 - main - ERROR - log in failed, admin not exist.
16:20:03 - main - ERROR - log in failed, admin not exist.
16:20:03 - main - ERROR - log in failed, admin not exist.
16:20:08 - main - INFO - admin log in.
16:20:08 - main - INFO - admin log in.
16:20:08 - main - INFO - admin log in.
16:20:08 - main - INFO - admin log in.
16:20:09 - main - INFO - admin log in.
16:20:12 - main - INFO - admin log in.
16:20:12 - main - INFO - admin log in.
16:20:29 - main - INFO - admin log in.
16:20:30 - main - INFO - admin log in.
16:20:30 - main - INFO - admin log in.
16:20:30 - main - INFO - admin log in.
16:20:32 - main - ERROR - log in failed, admin not exist.
16:20:35 - main - INFO - admin log in.
16:20:35 - main - INFO - admin log in.
16:20:35 - main - INFO - admin log in.
16:20:35 - main - INFO - admin log in.
16:20:35 - main - INFO - admin log in.
16:20:36 - main - INFO - admin log in.
16:20:36 - main - INFO - admin log in.
16:20:59 - main - INFO - admin log in.
16:24:03 - main - INFO - admin log in.
16:24:57 - main - INFO - admin log in.
17:02:07 - main - INFO - admin log in.
17:03:32 - main - INFO - admin log in.
18:49:43 - main - INFO - admin log in.
18:50:55 - main - INFO - admin log in.
18:50:55 - main - DEBUG - res: {'username': 'admin', 'age': 25, 'password': '123456', 'sex': 'male'}
18:55:00 - main - INFO - admin log in.
18:55:00 - main - DEBUG - res: {'username': 'admin', 'age': 25, 'password': '123456', 'sex': 'male'}
18:56:22 - main - INFO - admin log in.
18:56:22 - main - DEBUG - res: {'username': 'admin', 'age': 25, 'password': '123456', 'sex': 'male', 'avatar': 'https://media1.tenor.com/m/VPW95GiH_BwAAAAC/blue-archive-ni-ga.gif', 'id': '3310022004040400030', 'introduction': 'introduction', 'real_name': 'real name', 'roles': ['admin']}
18:56:30 - main - INFO - admin log in.
18:56:30 - main - DEBUG - res: {'username': 'admin', 'age': 25, 'password': '123456', 'sex': 'male', 'avatar': 'https://media1.tenor.com/m/VPW95GiH_BwAAAAC/blue-archive-ni-ga.gif', 'id': '3310022004040400030', 'introduction': 'introduction', 'real_name': 'real name', 'roles': ['admin']}
18:57:57 - main - INFO - admin log in.
18:57:57 - main - DEBUG - res: {'username': 'admin', 'age': 25, 'password': '123456', 'sex': 'male', 'avatar': 'https://media1.tenor.com/m/VPW95GiH_BwAAAAC/blue-archive-ni-ga.gif', 'id': '3310022004040400030', 'introduction': 'introduction', 'real_name': 'real name', 'roles': ['admin']}
18:59:19 - main - INFO - admin log in.
18:59:19 - main - DEBUG - res: {'username': 'admin', 'age': 25, 'password': '123456', 'sex': 'male', 'avatar': 'https://media1.tenor.com/m/VPW95GiH_BwAAAAC/blue-archive-ni-ga.gif', 'id': '3310022004040400030', 'introduction': 'introduction', 'real_name': 'real name', 'roles': ['admin']}
18:59:19 - main - DEBUG - response user info:{'roles': ['admin'], 'introduction': 'introduction', 'avatar': 'https://media1.tenor.com/m/VPW95GiH_BwAAAAC/blue-archive-ni-ga.gif', 'username': 'admin', 'real_name': 'real name', 'id': '3310022004040400030'}
18:59:53 - main - INFO - admin log in.
18:59:53 - main - DEBUG - res: {'username': 'admin', 'age': 25, 'password': '123456', 'sex': 'male', 'avatar': 'https://media1.tenor.com/m/VPW95GiH_BwAAAAC/blue-archive-ni-ga.gif', 'id': '3310022004040400030', 'introduction': 'introduction', 'real_name': 'real name', 'roles': ['admin']}
18:59:53 - main - DEBUG - response user info:{'roles': ['admin'], 'introduction': 'introduction', 'avatar': 'https://media1.tenor.com/m/VPW95GiH_BwAAAAC/blue-archive-ni-ga.gif', 'username': 'admin', 'real_name': 'real name', 'id': '3310022004040400030'}
19:00:42 - main - INFO - admin log in.
19:00:42 - main - DEBUG - res: {'username': 'admin', 'age': 25, 'password': '123456', 'sex': 'male', 'avatar': 'https://media1.tenor.com/m/VPW95GiH_BwAAAAC/blue-archive-ni-ga.gif', 'id': '3310022004040400030', 'introduction': 'introduction', 'real_name': 'real name', 'roles': ['admin']}
19:00:42 - main - DEBUG - response user info:{'roles': ['admin'], 'introduction': 'introduction', 'avatar': 'https://media1.tenor.com/m/VPW95GiH_BwAAAAC/blue-archive-ni-ga.gif', 'username': 'admin', 'real_name': 'real name', 'id': '3310022004040400030'}
19:48:53 - main - INFO - admin log in.
19:48:53 - main - DEBUG - res: {'username': 'admin', 'age': 25, 'password': '123456', 'sex': 'male', 'avatar': 'https://media1.tenor.com/m/VPW95GiH_BwAAAAC/blue-archive-ni-ga.gif', 'id': '3310022004040400030', 'introduction': 'introduction', 'real_name': 'real name', 'roles': ['admin']}
19:48:53 - main - DEBUG - response user info:{'roles': ['admin'], 'introduction': 'introduction', 'avatar': 'https://media1.tenor.com/m/VPW95GiH_BwAAAAC/blue-archive-ni-ga.gif', 'username': 'admin', 'real_name': 'real name', 'id': '3310022004040400030'}
19:49:05 - main - DEBUG - src: 导诊台
19:49:05 - main - DEBUG - messages: [{'text': '您好，real name！我是您的AI医生，很高兴为您提供健康咨询。请告诉我您目前的症状或健康问题，我会尽力为您提供建议和帮助。', 'sender': 'bot'}, {'text': '我肚子痛\n', 'sender': 'user'}]
20:15:02 - main - DEBUG - res: {'username': 'admin', 'age': 25, 'password': '123456', 'sex': 'male', 'avatar': 'https://media1.tenor.com/m/VPW95GiH_BwAAAAC/blue-archive-ni-ga.gif', 'id': '3310022004040400030', 'introduction': 'introduction', 'real_name': 'real name', 'roles': ['admin']}
20:15:02 - main - DEBUG - response user info:{'roles': ['admin'], 'introduction': 'introduction', 'avatar': 'https://media1.tenor.com/m/VPW95GiH_BwAAAAC/blue-archive-ni-ga.gif', 'username': 'admin', 'real_name': 'real name', 'id': '3310022004040400030'}
20:15:07 - main - DEBUG - src: 导诊台
20:15:07 - main - DEBUG - messages: [{'text': '您好，real name！我是您的AI医生，很高兴为您提供健康咨询。请告诉我您目前的症状或健康问题，我会尽力为您提供建议和帮助。', 'sender': 'bot'}, {'text': 'ssss\n', 'sender': 'user'}]
20:33:03 - main - DEBUG - res: {'username': 'admin', 'age': 25, 'password': '123456', 'sex': 'male', 'avatar': 'https://media1.tenor.com/m/VPW95GiH_BwAAAAC/blue-archive-ni-ga.gif', 'id': '3310022004040400030', 'introduction': 'introduction', 'real_name': 'real name', 'roles': ['admin']}
20:33:03 - main - DEBUG - response user info:{'roles': ['admin'], 'introduction': 'introduction', 'avatar': 'https://media1.tenor.com/m/VPW95GiH_BwAAAAC/blue-archive-ni-ga.gif', 'username': 'admin', 'real_name': 'real name', 'id': '3310022004040400030'}
20:33:08 - main - DEBUG - src: 导诊台
20:33:08 - main - DEBUG - history: [{'role': 'model', 'part': '您好，real name！我是您的AI医生，很高兴为您提供健康咨询。请告诉我您目前的症状或健康问题，我会尽力为您提供建议和帮助。'}, {'role': 'user', 'part': 'sfsad\n'}]
20:33:10 - main - DEBUG - src: 导诊台
20:33:10 - main - DEBUG - history: [{'role': 'model', 'part': '您好，real name！我是您的AI医生，很高兴为您提供健康咨询。请告诉我您目前的症状或健康问题，我会尽力为您提供建议和帮助。'}, {'role': 'user', 'part': 'sfsad\n'}, {'role': 'model', 'part': 'test'}, {'role': 'user', 'part': 'dsadas\n'}]
20:37:26 - main - DEBUG - res: {'username': 'admin', 'age': 25, 'password': '123456', 'sex': 'male', 'avatar': 'https://media1.tenor.com/m/VPW95GiH_BwAAAAC/blue-archive-ni-ga.gif', 'id': '3310022004040400030', 'introduction': 'introduction', 'real_name': 'real name', 'roles': ['admin']}
20:37:26 - main - DEBUG - response user info:{'roles': ['admin'], 'introduction': 'introduction', 'avatar': 'https://media1.tenor.com/m/VPW95GiH_BwAAAAC/blue-archive-ni-ga.gif', 'username': 'admin', 'real_name': 'real name', 'id': '3310022004040400030'}
20:37:33 - main - DEBUG - src: 导诊台
20:37:33 - main - DEBUG - history: [{'role': 'model', 'parts': '您好，real name！我是您的AI医生，很高兴为您提供健康咨询。请告诉我您目前的症状或健康问题，我会尽力为您提供建议和帮助。'}]
20:38:10 - main - DEBUG - res: {'username': 'admin', 'age': 25, 'password': '123456', 'sex': 'male', 'avatar': 'https://media1.tenor.com/m/VPW95GiH_BwAAAAC/blue-archive-ni-ga.gif', 'id': '3310022004040400030', 'introduction': 'introduction', 'real_name': 'real name', 'roles': ['admin']}
20:38:10 - main - DEBUG - response user info:{'roles': ['admin'], 'introduction': 'introduction', 'avatar': 'https://media1.tenor.com/m/VPW95GiH_BwAAAAC/blue-archive-ni-ga.gif', 'username': 'admin', 'real_name': 'real name', 'id': '3310022004040400030'}
20:38:17 - main - DEBUG - src: 导诊台
20:38:17 - main - DEBUG - history: [{'role': 'model', 'parts': '您好，real name！我是您的AI医生，很高兴为您提供健康咨询。请告诉我您目前的症状或健康问题，我会尽力为您提供建议和帮助。'}]
20:38:43 - main - INFO - admin log in.
20:38:43 - main - DEBUG - res: {'username': 'admin', 'age': 25, 'password': '123456', 'sex': 'male', 'avatar': 'https://media1.tenor.com/m/VPW95GiH_BwAAAAC/blue-archive-ni-ga.gif', 'id': '3310022004040400030', 'introduction': 'introduction', 'real_name': 'real name', 'roles': ['admin']}
20:38:43 - main - DEBUG - response user info:{'roles': ['admin'], 'introduction': 'introduction', 'avatar': 'https://media1.tenor.com/m/VPW95GiH_BwAAAAC/blue-archive-ni-ga.gif', 'username': 'admin', 'real_name': 'real name', 'id': '3310022004040400030'}
20:38:55 - main - DEBUG - src: 导诊台
20:38:55 - main - DEBUG - history: [{'role': 'model', 'parts': '您好，real name！我是您的AI医生，很高兴为您提供健康咨询。请告诉我您目前的症状或健康问题，我会尽力为您提供建议和帮助。'}]
21:02:49 - main - INFO - admin log in.
21:02:49 - main - DEBUG - res: {'username': 'admin', 'age': 25, 'password': '123456', 'sex': 'male', 'avatar': 'https://media1.tenor.com/m/VPW95GiH_BwAAAAC/blue-archive-ni-ga.gif', 'id': '3310022004040400030', 'introduction': 'introduction', 'real_name': 'real name', 'roles': ['admin']}
21:02:49 - main - DEBUG - response user info:{'roles': ['admin'], 'introduction': 'introduction', 'avatar': 'https://media1.tenor.com/m/VPW95GiH_BwAAAAC/blue-archive-ni-ga.gif', 'username': 'admin', 'real_name': 'real name', 'id': '3310022004040400030'}
21:03:17 - main - DEBUG - src: triage
21:03:17 - main - DEBUG - history: [{'role': 'model', 'parts': '您好，real name！我是您的AI医生，很高兴为您提供健康咨询。请告诉我您目前的症状或健康问题，我会尽力为您提供建议和帮助。'}]
21:03:17 - main - INFO - get query: 我肚子痛

21:03:34 - main - DEBUG - prompt: 
你是一位分诊台医生，请你根据患者的描述，分析他的病情，并为他推荐合适的科室就诊。

可选择的科室列表：[儿科，内科，外科，眼科，口腔科，肿瘤科，皮肤科]

请按下面的格式回复：
病情分析： <简要分析患者患病的类型>
推荐科室： <在可选科室列表中选择一个，仅输出一个词，即科室>
患者问题：我肚子痛

你可以参考以下案例：
texttexttexttexttext
21:03:38 - main - INFO - send response: 病情分析：患者腹痛，原因不明，需要进一步检查以明确诊断，可能为消化系统疾病，也可能为其他系统疾病引起的牵涉痛。
推荐科室：内科

21:06:38 - main - DEBUG - res: {'username': 'admin', 'age': 25, 'password': '123456', 'sex': 'male', 'avatar': 'https://media1.tenor.com/m/VPW95GiH_BwAAAAC/blue-archive-ni-ga.gif', 'id': '3310022004040400030', 'introduction': 'introduction', 'real_name': 'real name', 'roles': ['admin']}
21:06:38 - main - DEBUG - response user info:{'roles': ['admin'], 'introduction': 'introduction', 'avatar': 'https://media1.tenor.com/m/VPW95GiH_BwAAAAC/blue-archive-ni-ga.gif', 'username': 'admin', 'real_name': 'real name', 'id': '3310022004040400030'}
21:06:41 - main - DEBUG - src: triage
21:06:41 - main - DEBUG - history: [{'role': 'model', 'parts': '您好，real name！我是您的AI医生，很高兴为您提供健康咨询。请告诉我您目前的症状或健康问题，我会尽力为您提供建议和帮助。'}]
21:06:41 - main - INFO - get query: 我肚子痛

21:06:53 - medical_database - DEBUG - [{'text': '主题：肚子痛  一直痛\n患者描述：发病时间左天  我 肚子痛了两天了  就是一直痛  痛点在左胃下一点\n医生诊断：你好，一般腹痛有很多原因可引起，如急性肠炎、肠梗阻等都可引起的。 建议去医院做个B超看下，明确病因后，再进行针对性治疗。考虑是胃肠功能紊乱引起的可能较大。建议到消化科门诊就诊，可以吃一点匹维溴铵片，双岐杆菌四联活菌胶囊来调节胃肠功能。\n', 'score': 0.918360710144043}, {'text': '主题：我胃部疼痛\n患者描述：患者女，51岁，十天左右因晚上起夜连续两夜打嗝，自己按摩胃部，之后胃部就像吃了大蒜或者韭菜之类的隐约作痛。\n医生诊断：你好，一般胃炎多是 由于幽门螺杆菌感染引起的，可以采用三联疗法治疗，如甲硝唑片、奥米拉唑、阿莫西林胶囊，一般治疗两到三周，同时禁烟酒刺激及熬夜，不吃辛辣刺激性食物及保暖很重要的。\n', 'score': 0.9144588708877563}, {'text': '主题：肚子不舒服\n患者描述：肚子胀气，会放屁，而且疼痛，会响。经常想上厕所，但是每次只能拉出一点点，而且比较稀，在天气热的时候，还是有点怕冷，四肢冰凉，这样的症状持续了快20天，期间只有一两天有好转，然后又复发。\n医生诊断：你好，考虑是胃肠动力差，多跟长期饮食无规律，胃肠功能紊乱等因素有关。可在医生的指导下使用吗丁啉或者西沙比利进行治疗，要按时吃饭饮食有规律，避免暴饮暴食，坚持饭后散步，经常做做腹部按摩。\n', 'score': 0.9079976677894592}, {'text': '主题：肚子疼又不拉肚子，疼了一夜了\n患者描述：我最近腹泻的还是比较严重的，不知道吃了什么东西，然后把肚子吃坏了，这两天总是出现腹部疼痛而且拉肚子.请问肚子疼又不拉肚子，疼了一夜了\n医生诊断：您好你什么样的腹痛，一直疼痛还是阵发性，是隐痛还是明显疼痛，可有其他什么感觉，比如说恶心干呕等，腹痛的原因许多，要根据情况看。右腹部下面疼痛有多种不同原因，阑尾炎、肠系膜淋巴结炎、输尿管结石等等情况都有可能，建议你到医院让医生看一下，或者详细描述一下。其实得了拉肚子并不可怕，患者要认为自己是可以战胜病魔的，只要在早期发觉的时候及时治疗，控制病情及康复的几率都非常大。\n', 'score': 0.9072728157043457}, {'text': '主题：突然肚子绞痛不拉肚子\n患者描述：突然肚子绞痛不拉肚子\n医生诊断：你好，这种情况可能是胃动力不足或者是胃肠内菌群失调的原因引起的，建议及时的处理。建议饮食的时候，减慢速度，避免是由于饮食而引起的，然后，如果症状仍然存在，建议服用葵花胃康灵，葵花胃康灵缓解胃部酸、胀、痛等不适症状，又快又好，坚持服用可避免发展为老胃病。宜少吃多餐避免饥饿疼痛；禁忌饮酒和咖啡；少吃或是尽量不吃甜食因为甜食会促进胃酸的分泌。\n', 'score': 0.9056150913238525}]
21:06:53 - main - DEBUG - prompt: 
你是一位分诊台医生，请你根据患者的描述，分析他的病情，并为他推荐合适的科室就诊。

可选择的科室列表：[儿科，内科，外科，眼科，口腔科，肿瘤科，皮肤科]

请按下面的格式回复：
病情分析： <简要分析患者患病的类型>
推荐科室： <在可选科室列表中选择一个，仅输出一个词，即科室>
患者问题：我肚子痛

你可以参考以下案例：
texttexttexttexttext
21:06:56 - main - INFO - send response: 病情分析：患者主诉肚子痛，病因可能多样，包括消化系统疾病、泌尿系统疾病等，需要进一步检查以明确诊断。
推荐科室：内科

21:11:01 - main - DEBUG - res: {'username': 'admin', 'age': 25, 'password': '123456', 'sex': 'male', 'avatar': 'https://media1.tenor.com/m/VPW95GiH_BwAAAAC/blue-archive-ni-ga.gif', 'id': '3310022004040400030', 'introduction': 'introduction', 'real_name': 'real name', 'roles': ['admin']}
21:11:01 - main - DEBUG - response user info:{'roles': ['admin'], 'introduction': 'introduction', 'avatar': 'https://media1.tenor.com/m/VPW95GiH_BwAAAAC/blue-archive-ni-ga.gif', 'username': 'admin', 'real_name': 'real name', 'id': '3310022004040400030'}
21:11:05 - main - DEBUG - src: triage
21:11:05 - main - DEBUG - history: [{'role': 'model', 'parts': '您好，real name！我是您的AI医生，很高兴为您提供健康咨询。请告诉我您目前的症状或健康问题，我会尽力为您提供建议和帮助。'}]
21:11:05 - main - INFO - get query: 我肚子痛

21:11:17 - medical_database - DEBUG - [{'text': '主题：肚子痛  一直痛\n患者描述：发病时间左天  我 肚子痛了两天了  就是一直痛  痛点在左胃下一点\n医生诊断：你好，一般腹痛有很多原因可引起，如急性肠炎、肠梗阻等都可引起的。 建议去医院做个B超看下，明确病因后，再进行针对性治疗。考虑是胃肠功能紊乱引起的可能较大。建议到消化科门诊就诊，可以吃一点匹维溴铵片，双岐杆菌四联活菌胶囊来调节胃肠功能。\n', 'score': 0.918360710144043}, {'text': '主题：我胃部疼痛\n患者描述：患者女，51岁，十天左右因晚上起夜连续两夜打嗝，自己按摩胃部，之后胃部就像吃了大蒜或者韭菜之类的隐约作痛。\n医生诊断：你好，一般胃炎多是 由于幽门螺杆菌感染引起的，可以采用三联疗法治疗，如甲硝唑片、奥米拉唑、阿莫西林胶囊，一般治疗两到三周，同时禁烟酒刺激及熬夜，不吃辛辣刺激性食物及保暖很重要的。\n', 'score': 0.9144588708877563}, {'text': '主题：肚子不舒服\n患者描述：肚子胀气，会放屁，而且疼痛，会响。经常想上厕所，但是每次只能拉出一点点，而且比较稀，在天气热的时候，还是有点怕冷，四肢冰凉，这样的症状持续了快20天，期间只有一两天有好转，然后又复发。\n医生诊断：你好，考虑是胃肠动力差，多跟长期饮食无规律，胃肠功能紊乱等因素有关。可在医生的指导下使用吗丁啉或者西沙比利进行治疗，要按时吃饭饮食有规律，避免暴饮暴食，坚持饭后散步，经常做做腹部按摩。\n', 'score': 0.9079976677894592}, {'text': '主题：肚子疼又不拉肚子，疼了一夜了\n患者描述：我最近腹泻的还是比较严重的，不知道吃了什么东西，然后把肚子吃坏了，这两天总是出现腹部疼痛而且拉肚子.请问肚子疼又不拉肚子，疼了一夜了\n医生诊断：您好你什么样的腹痛，一直疼痛还是阵发性，是隐痛还是明显疼痛，可有其他什么感觉，比如说恶心干呕等，腹痛的原因许多，要根据情况看。右腹部下面疼痛有多种不同原因，阑尾炎、肠系膜淋巴结炎、输尿管结石等等情况都有可能，建议你到医院让医生看一下，或者详细描述一下。其实得了拉肚子并不可怕，患者要认为自己是可以战胜病魔的，只要在早期发觉的时候及时治疗，控制病情及康复的几率都非常大。\n', 'score': 0.9072728157043457}, {'text': '主题：突然肚子绞痛不拉肚子\n患者描述：突然肚子绞痛不拉肚子\n医生诊断：你好，这种情况可能是胃动力不足或者是胃肠内菌群失调的原因引起的，建议及时的处理。建议饮食的时候，减慢速度，避免是由于饮食而引起的，然后，如果症状仍然存在，建议服用葵花胃康灵，葵花胃康灵缓解胃部酸、胀、痛等不适症状，又快又好，坚持服用可避免发展为老胃病。宜少吃多餐避免饥饿疼痛；禁忌饮酒和咖啡；少吃或是尽量不吃甜食因为甜食会促进胃酸的分泌。\n', 'score': 0.9056150913238525}]
21:11:17 - main - DEBUG - prompt: 
你是一位分诊台医生，请你根据患者的描述，分析他的病情，并为他推荐合适的科室就诊。

可选择的科室列表：[儿科，内科，外科，眼科，口腔科，肿瘤科，皮肤科]

请按下面的格式回复：
病情分析： <简要分析患者患病的类型>
推荐科室： <在可选科室列表中选择一个，仅输出一个词，即科室>
患者问题：我肚子痛

你可以参考以下案例：
主题：肚子痛  一直痛
患者描述：发病时间左天  我 肚子痛了两天了  就是一直痛  痛点在左胃下一点
医生诊断：你好，一般腹痛有很多原因可引起，如急性肠炎、肠梗阻等都可引起的。 建议去医院做个B超看下，明确病因后，再进行针对性治疗。考虑是胃肠功能紊乱引起的可能较大。建议到消化科门诊就诊，可以吃一点匹维溴铵片，双岐杆菌四联活菌胶囊来调节胃肠功能。
主题：我胃部疼痛
患者描述：患者女，51岁，十天左右因晚上起夜连续两夜打嗝，自己按摩胃部，之后胃部就像吃了大蒜或者韭菜之类的隐约作痛。
医生诊断：你好，一般胃炎多是 由于幽门螺杆菌感染引起的，可以采用三联疗法治疗，如甲硝唑片、奥米拉唑、阿莫西林胶囊，一般治疗两到三周，同时禁烟酒刺激及熬夜，不吃辛辣刺激性食物及保暖很重要的。
主题：肚子不舒服
患者描述：肚子胀气，会放屁，而且疼痛，会响。经常想上厕所，但是每次只能拉出一点点，而且比较稀，在天气热的时候，还是有点怕冷，四肢冰凉，这样的症状持续了快20天，期间只有一两天有好转，然后又复发。
医生诊断：你好，考虑是胃肠动力差，多跟长期饮食无规律，胃肠功能紊乱等因素有关。可在医生的指导下使用吗丁啉或者西沙比利进行治疗，要按时吃饭饮食有规律，避免暴饮暴食，坚持饭后散步，经常做做腹部按摩。
主题：肚子疼又不拉肚子，疼了一夜了
患者描述：我最近腹泻的还是比较严重的，不知道吃了什么东西，然后把肚子吃坏了，这两天总是出现腹部疼痛而且拉肚子.请问肚子疼又不拉肚子，疼了一夜了
医生诊断：您好你什么样的腹痛，一直疼痛还是阵发性，是隐痛还是明显疼痛，可有其他什么感觉，比如说恶心干呕等，腹痛的原因许多，要根据情况看。右腹部下面疼痛有多种不同原因，阑尾炎、肠系膜淋巴结炎、输尿管结石等等情况都有可能，建议你到医院让医生看一下，或者详细描述一下。其实得了拉肚子并不可怕，患者要认为自己是可以战胜病魔的，只要在早期发觉的时候及时治疗，控制病情及康复的几率都非常大。
主题：突然肚子绞痛不拉肚子
患者描述：突然肚子绞痛不拉肚子
医生诊断：你好，这种情况可能是胃动力不足或者是胃肠内菌群失调的原因引起的，建议及时的处理。建议饮食的时候，减慢速度，避免是由于饮食而引起的，然后，如果症状仍然存在，建议服用葵花胃康灵，葵花胃康灵缓解胃部酸、胀、痛等不适症状，又快又好，坚持服用可避免发展为老胃病。宜少吃多餐避免饥饿疼痛；禁忌饮酒和咖啡；少吃或是尽量不吃甜食因为甜食会促进胃酸的分泌。

21:11:24 - main - INFO - send response: 病情分析：患者描述“肚子痛”，缺乏具体细节，无法判断疼痛的部位、性质、持续时间及伴随症状。腹痛原因众多，包括胃肠道疾病、泌尿系统疾病、妇科疾病等。

推荐科室：内科

21:33:42 - main - DEBUG - res: {'username': 'admin', 'age': 25, 'password': '123456', 'sex': 'male', 'avatar': 'https://media1.tenor.com/m/VPW95GiH_BwAAAAC/blue-archive-ni-ga.gif', 'id': '3310022004040400030', 'introduction': 'introduction', 'real_name': 'real name', 'roles': ['admin']}
21:33:42 - main - DEBUG - response user info:{'roles': ['admin'], 'introduction': 'introduction', 'avatar': 'https://media1.tenor.com/m/VPW95GiH_BwAAAAC/blue-archive-ni-ga.gif', 'username': 'admin', 'real_name': 'real name', 'id': '3310022004040400030'}
21:33:45 - main - DEBUG - res: {'username': 'admin', 'age': 25, 'password': '123456', 'sex': 'male', 'avatar': 'https://media1.tenor.com/m/VPW95GiH_BwAAAAC/blue-archive-ni-ga.gif', 'id': '3310022004040400030', 'introduction': 'introduction', 'real_name': 'real name', 'roles': ['admin']}
21:33:45 - main - DEBUG - response user info:{'roles': ['admin'], 'introduction': 'introduction', 'avatar': 'https://media1.tenor.com/m/VPW95GiH_BwAAAAC/blue-archive-ni-ga.gif', 'username': 'admin', 'real_name': 'real name', 'id': '3310022004040400030'}
21:33:55 - main - DEBUG - res: {'username': 'admin', 'age': 25, 'password': '123456', 'sex': 'male', 'avatar': 'https://media1.tenor.com/m/VPW95GiH_BwAAAAC/blue-archive-ni-ga.gif', 'id': '3310022004040400030', 'introduction': 'introduction', 'real_name': 'real name', 'roles': ['admin']}
21:33:55 - main - DEBUG - response user info:{'roles': ['admin'], 'introduction': 'introduction', 'avatar': 'https://media1.tenor.com/m/VPW95GiH_BwAAAAC/blue-archive-ni-ga.gif', 'username': 'admin', 'real_name': 'real name', 'id': '3310022004040400030'}
21:34:01 - main - DEBUG - src: triage
21:34:01 - main - DEBUG - history: [{'role': 'model', 'parts': '您好，real name！我是您的AI医生，很高兴为您提供健康咨询。请告诉我您目前的症状或健康问题，我会尽力为您提供建议和帮助。'}]
21:34:01 - main - INFO - get query: 我草

21:34:13 - medical_database - DEBUG - [{'text': '主题：请问，甘草片属于中药吗？\n患者描述：请问，甘草片属于中药吗？\n医生诊断：病情分析：您好，它是一种中成药，有止咳祛谈的作用，是家里经常备用的药物指导意见：这种药价格较低，有一定的效果，含化的效果比口服效果好点，并有消肿止痛清热解毒的作用\n', 'score': 0.8543875813484192}, {'text': '主题：菊花、夏枯草、桑叶？？\n患者描述：菊花、夏枯草、桑叶能一块泡水喝吗？夏枯草、桑叶分别有什么功效？\n医生诊断：病情分析：菊花－－散风清热，平肝明目。用于风热感冒，头痛眩晕，降压·肝热夏枯草－－清肝，散结·指导意见：桑叶－－疏散风热、清肝明目总的来说都是清热·护肝·我认为不用一起混合·否则用药过勐·\n', 'score': 0.851138174533844}, {'text': '主题：红花是什么药\n患者描述：我去年的时候开始，就一直都是月经很不准时，偶尔的时候来，偶尔的时候又不来，后来去看一个老医生，他说像我这种情况的话，他建议我吃红花调理一下，效果会好起来的。\n医生诊断：你好，红花，又称草红花。双子叶植物，菊科，干燥的管状花，长约1.5厘米，橙红色，花管狭细，先端5裂，裂片狭线形，长5～7毫米，雄蕊5枚，花药黄色，联合成管，高出裂片之外，其中央有柱头露出。具特异香气，味微苦。以花片长、色鲜红、质柔软者为佳。主产河南、浙江、四川等地。活血通经，去瘀止痛。活血通经药。\n', 'score': 0.8511294722557068}, {'text': '主题：甘草片是属于中药吗\n患者描述：请问，甘草片属于中药吗？\n医生诊断：病情分析：您好，它是一种中成药，有止咳祛谈的作用，是家里经常备用的药物指导意见：这种药价格较低，有一定的效果，含化的效果比口服效果好点，并有消肿止痛清热解毒的作用，其实得了菌血症并不可怕，患者要相信自己是可以战胜病魔的，只要在早期发现的时候及时治疗，缓解病情及康复的几率都非常大。\n', 'score': 0.8491843938827515}, {'text': '主题：付脾叫什么\n患者描述：我没有病谢谢\n医生诊断：病情分析：副脾是指在正常的脾脏以外存在的与正常脾脏结构相似、功能相同的组织其发生可能因胚胎期脾始基芽融合不全或异位脾芽形成，或部分脾组织脱离主脾发育而成。它可与正常脾脏完全分离或有结缔组织相连，多呈球形，并具有单独的动静脉；常为单个，也可多达4～5个以上。指导意见：发生部位约半数见于脾门，1/4见于脾蒂血管和胰尾周围；也可发生于脾胃韧带、脾结肠韧带、大网膜、小肠或结肠系膜、骶前、左侧附件或左侧睾丸周围等。\n', 'score': 0.8416382074356079}]
21:34:13 - main - DEBUG - prompt: 
你是一位分诊台医生，请你根据患者的描述，分析他的病情，并为他推荐合适的科室就诊。

可选择的科室列表：[儿科，内科，外科，眼科，口腔科，肿瘤科，皮肤科]

请按下面的格式回复：
病情分析： <简要分析患者患病的类型>
推荐科室： <在可选科室列表中选择一个，仅输出一个词，即科室>

患者问题：
我草

你可以参考以下案例：
主题：请问，甘草片属于中药吗？
患者描述：请问，甘草片属于中药吗？
医生诊断：病情分析：您好，它是一种中成药，有止咳祛谈的作用，是家里经常备用的药物指导意见：这种药价格较低，有一定的效果，含化的效果比口服效果好点，并有消肿止痛清热解毒的作用
主题：菊花、夏枯草、桑叶？？
患者描述：菊花、夏枯草、桑叶能一块泡水喝吗？夏枯草、桑叶分别有什么功效？
医生诊断：病情分析：菊花－－散风清热，平肝明目。用于风热感冒，头痛眩晕，降压·肝热夏枯草－－清肝，散结·指导意见：桑叶－－疏散风热、清肝明目总的来说都是清热·护肝·我认为不用一起混合·否则用药过勐·
主题：红花是什么药
患者描述：我去年的时候开始，就一直都是月经很不准时，偶尔的时候来，偶尔的时候又不来，后来去看一个老医生，他说像我这种情况的话，他建议我吃红花调理一下，效果会好起来的。
医生诊断：你好，红花，又称草红花。双子叶植物，菊科，干燥的管状花，长约1.5厘米，橙红色，花管狭细，先端5裂，裂片狭线形，长5～7毫米，雄蕊5枚，花药黄色，联合成管，高出裂片之外，其中央有柱头露出。具特异香气，味微苦。以花片长、色鲜红、质柔软者为佳。主产河南、浙江、四川等地。活血通经，去瘀止痛。活血通经药。
主题：甘草片是属于中药吗
患者描述：请问，甘草片属于中药吗？
医生诊断：病情分析：您好，它是一种中成药，有止咳祛谈的作用，是家里经常备用的药物指导意见：这种药价格较低，有一定的效果，含化的效果比口服效果好点，并有消肿止痛清热解毒的作用，其实得了菌血症并不可怕，患者要相信自己是可以战胜病魔的，只要在早期发现的时候及时治疗，缓解病情及康复的几率都非常大。
主题：付脾叫什么
患者描述：我没有病谢谢
医生诊断：病情分析：副脾是指在正常的脾脏以外存在的与正常脾脏结构相似、功能相同的组织其发生可能因胚胎期脾始基芽融合不全或异位脾芽形成，或部分脾组织脱离主脾发育而成。它可与正常脾脏完全分离或有结缔组织相连，多呈球形，并具有单独的动静脉；常为单个，也可多达4～5个以上。指导意见：发生部位约半数见于脾门，1/4见于脾蒂血管和胰尾周围；也可发生于脾胃韧带、脾结肠韧带、大网膜、小肠或结肠系膜、骶前、左侧附件或左侧睾丸周围等。
患者问题：
我草

21:34:16 - main - INFO - send response: 病情分析：患者提供的描述过于简略，无法判断其病情。 “我草” 并非医学描述，缺乏任何关于症状、病史或其他相关信息的线索。
推荐科室：内科

21:35:52 - main - DEBUG - res: {'username': 'admin', 'age': 25, 'password': '123456', 'sex': 'male', 'avatar': 'https://media1.tenor.com/m/VPW95GiH_BwAAAAC/blue-archive-ni-ga.gif', 'id': '3310022004040400030', 'introduction': 'introduction', 'real_name': 'real name', 'roles': ['admin']}
21:35:52 - main - DEBUG - response user info:{'roles': ['admin'], 'introduction': 'introduction', 'avatar': 'https://media1.tenor.com/m/VPW95GiH_BwAAAAC/blue-archive-ni-ga.gif', 'username': 'admin', 'real_name': 'real name', 'id': '3310022004040400030'}
21:35:57 - main - DEBUG - src: triage
21:35:57 - main - DEBUG - history: [{'role': 'model', 'parts': '您好，real name！我是您的AI医生，很高兴为您提供健康咨询。请告诉我您目前的症状或健康问题，我会尽力为您提供建议和帮助。'}]
21:35:57 - main - INFO - get query: 我草

21:36:09 - medical_database - DEBUG - [{'text': '主题：请问，甘草片属于中药吗？\n患者描述：请问，甘草片属于中药吗？\n医生诊断：病情分析：您好，它是一种中成药，有止咳祛谈的作用，是家里经常备用的药物指导意见：这种药价格较低，有一定的效果，含化的效果比口服效果好点，并有消肿止痛清热解毒的作用\n', 'score': 0.8543875813484192}, {'text': '主题：菊花、夏枯草、桑叶？？\n患者描述：菊花、夏枯草、桑叶能一块泡水喝吗？夏枯草、桑叶分别有什么功效？\n医生诊断：病情分析：菊花－－散风清热，平肝明目。用于风热感冒，头痛眩晕，降压·肝热夏枯草－－清肝，散结·指导意见：桑叶－－疏散风热、清肝明目总的来说都是清热·护肝·我认为不用一起混合·否则用药过勐·\n', 'score': 0.851138174533844}, {'text': '主题：红花是什么药\n患者描述：我去年的时候开始，就一直都是月经很不准时，偶尔的时候来，偶尔的时候又不来，后来去看一个老医生，他说像我这种情况的话，他建议我吃红花调理一下，效果会好起来的。\n医生诊断：你好，红花，又称草红花。双子叶植物，菊科，干燥的管状花，长约1.5厘米，橙红色，花管狭细，先端5裂，裂片狭线形，长5～7毫米，雄蕊5枚，花药黄色，联合成管，高出裂片之外，其中央有柱头露出。具特异香气，味微苦。以花片长、色鲜红、质柔软者为佳。主产河南、浙江、四川等地。活血通经，去瘀止痛。活血通经药。\n', 'score': 0.8511294722557068}, {'text': '主题：甘草片是属于中药吗\n患者描述：请问，甘草片属于中药吗？\n医生诊断：病情分析：您好，它是一种中成药，有止咳祛谈的作用，是家里经常备用的药物指导意见：这种药价格较低，有一定的效果，含化的效果比口服效果好点，并有消肿止痛清热解毒的作用，其实得了菌血症并不可怕，患者要相信自己是可以战胜病魔的，只要在早期发现的时候及时治疗，缓解病情及康复的几率都非常大。\n', 'score': 0.8491843938827515}, {'text': '主题：付脾叫什么\n患者描述：我没有病谢谢\n医生诊断：病情分析：副脾是指在正常的脾脏以外存在的与正常脾脏结构相似、功能相同的组织其发生可能因胚胎期脾始基芽融合不全或异位脾芽形成，或部分脾组织脱离主脾发育而成。它可与正常脾脏完全分离或有结缔组织相连，多呈球形，并具有单独的动静脉；常为单个，也可多达4～5个以上。指导意见：发生部位约半数见于脾门，1/4见于脾蒂血管和胰尾周围；也可发生于脾胃韧带、脾结肠韧带、大网膜、小肠或结肠系膜、骶前、左侧附件或左侧睾丸周围等。\n', 'score': 0.8416382074356079}]
21:36:09 - main - DEBUG - prompt: 
你是一位分诊台医生，请你根据患者的描述，分析他的病情，并为他推荐合适的科室就诊。

可选择的科室列表：[儿科，内科，外科，眼科，口腔科，肿瘤科，皮肤科]

请按下面的格式回复：
病情分析： <简要分析患者患病的类型>
推荐科室： <在可选科室列表中选择一个，仅输出一个词，即科室>

患者问题：
我草

你可以参考以下案例：
主题：请问，甘草片属于中药吗？
患者描述：请问，甘草片属于中药吗？
医生诊断：病情分析：您好，它是一种中成药，有止咳祛谈的作用，是家里经常备用的药物指导意见：这种药价格较低，有一定的效果，含化的效果比口服效果好点，并有消肿止痛清热解毒的作用
主题：菊花、夏枯草、桑叶？？
患者描述：菊花、夏枯草、桑叶能一块泡水喝吗？夏枯草、桑叶分别有什么功效？
医生诊断：病情分析：菊花－－散风清热，平肝明目。用于风热感冒，头痛眩晕，降压·肝热夏枯草－－清肝，散结·指导意见：桑叶－－疏散风热、清肝明目总的来说都是清热·护肝·我认为不用一起混合·否则用药过勐·
主题：红花是什么药
患者描述：我去年的时候开始，就一直都是月经很不准时，偶尔的时候来，偶尔的时候又不来，后来去看一个老医生，他说像我这种情况的话，他建议我吃红花调理一下，效果会好起来的。
医生诊断：你好，红花，又称草红花。双子叶植物，菊科，干燥的管状花，长约1.5厘米，橙红色，花管狭细，先端5裂，裂片狭线形，长5～7毫米，雄蕊5枚，花药黄色，联合成管，高出裂片之外，其中央有柱头露出。具特异香气，味微苦。以花片长、色鲜红、质柔软者为佳。主产河南、浙江、四川等地。活血通经，去瘀止痛。活血通经药。
主题：甘草片是属于中药吗
患者描述：请问，甘草片属于中药吗？
医生诊断：病情分析：您好，它是一种中成药，有止咳祛谈的作用，是家里经常备用的药物指导意见：这种药价格较低，有一定的效果，含化的效果比口服效果好点，并有消肿止痛清热解毒的作用，其实得了菌血症并不可怕，患者要相信自己是可以战胜病魔的，只要在早期发现的时候及时治疗，缓解病情及康复的几率都非常大。
主题：付脾叫什么
患者描述：我没有病谢谢
医生诊断：病情分析：副脾是指在正常的脾脏以外存在的与正常脾脏结构相似、功能相同的组织其发生可能因胚胎期脾始基芽融合不全或异位脾芽形成，或部分脾组织脱离主脾发育而成。它可与正常脾脏完全分离或有结缔组织相连，多呈球形，并具有单独的动静脉；常为单个，也可多达4～5个以上。指导意见：发生部位约半数见于脾门，1/4见于脾蒂血管和胰尾周围；也可发生于脾胃韧带、脾结肠韧带、大网膜、小肠或结肠系膜、骶前、左侧附件或左侧睾丸周围等。
患者问题：
我草

21:36:17 - main - INFO - send response: 我不太明白你的意思。请你用更清晰的语言描述你的问题或需要，以便我更好地帮助你。

21:36:31 - main - DEBUG - res: {'username': 'admin', 'age': 25, 'password': '123456', 'sex': 'male', 'avatar': 'https://media1.tenor.com/m/VPW95GiH_BwAAAAC/blue-archive-ni-ga.gif', 'id': '3310022004040400030', 'introduction': 'introduction', 'real_name': 'real name', 'roles': ['admin']}
21:36:31 - main - DEBUG - response user info:{'roles': ['admin'], 'introduction': 'introduction', 'avatar': 'https://media1.tenor.com/m/VPW95GiH_BwAAAAC/blue-archive-ni-ga.gif', 'username': 'admin', 'real_name': 'real name', 'id': '3310022004040400030'}
21:36:31 - main - DEBUG - res: {'username': 'admin', 'age': 25, 'password': '123456', 'sex': 'male', 'avatar': 'https://media1.tenor.com/m/VPW95GiH_BwAAAAC/blue-archive-ni-ga.gif', 'id': '3310022004040400030', 'introduction': 'introduction', 'real_name': 'real name', 'roles': ['admin']}
21:36:31 - main - DEBUG - response user info:{'roles': ['admin'], 'introduction': 'introduction', 'avatar': 'https://media1.tenor.com/m/VPW95GiH_BwAAAAC/blue-archive-ni-ga.gif', 'username': 'admin', 'real_name': 'real name', 'id': '3310022004040400030'}
21:36:40 - main - DEBUG - src: triage
21:36:40 - main - DEBUG - history: [{'role': 'model', 'parts': '您好，real name！我是您的AI医生，很高兴为您提供健康咨询。请告诉我您目前的症状或健康问题，我会尽力为您提供建议和帮助。'}]
21:36:40 - main - INFO - get query: 我爱你妈

21:36:52 - medical_database - DEBUG - [{'text': '主题：我老婆\n患者描述：我老婆刚怀孕,现在特别难受,头晕,呕吐,正常吗/?现在还不到一个月就不能上班了\n医生诊断：可以适当补充维生素类的药.另外对付妊娠反应的方法见下：1般女性在怀孕早期，有轻度择食、食欲不振、厌食、轻度恶心、呕吐、头晕及怠倦等症状，这些症状在清晨更易出现.这是1种正常的生理反应，是孕妇特有的症状，称为妊娠反应.妊娠反应1般在停经5周~6周出现，以后逐渐明显，在停经12周前自行消失.1般对生活和工作影响不大，无需特殊治疗.另1种情况是妊娠剧吐，多见于第1胎孕妇，起初为1般的早孕反应，但逐日加重，1般于妊娠第8周时最为严重，表现为反复呕吐，除早上起床后恶心及呕吐外，甚至闻到做饭的味道、看到某种食物就呕吐，吃什么，吐什么，以致连喝水都吐，呕吐物中出现胆汁或咖啡渣样物.由于严重呕吐和长期饥饿，机体便消耗自身脂肪，使其中间代谢产物——酮体在体内聚集，引起脱水和电解质紊乱，形成酸中毒和尿中酮体阳性.孕妇皮肤发干、发皱，眼窝凹陷，身体消瘦，严重影响身体健康，甚至威胁孕妇生命.临床称这种严重的妊娠反应为妊娠剧吐.有关妊娠反应的产生的因素或病因有各种各样的说法.如有人认为妊娠反应与人绒毛膜促性腺激素的作用有关，支持这1观点的证据为妊娠反应出现时间与孕妇血中人绒毛膜促性腺激素出现和消失时间相吻合；也有人认为植物神经功能失调与妊娠反应有关；甚至还有人认为妊娠反应是胎盘产生的毒素或精神方面的因素或病因引起等.1般而言，神经质的人妊娠反应较重；夫妻感情不合，不想要孩子而妊娠时也容易出现比较重的妊娠反应.孕妇妊娠反应较重或感到不放心时，应首先向医生请教，孕妇自己也可想些办法使反应减轻，下面几点可供孕妇参考.上孕妇学校了解1些有关的医学知识，明白孕育生命是1项神圣而伟大的工程，是苦乐相伴的，从而，增加自身对妊娠反应的耐受力.身心放松妊娠反应是生理反应，多数孕妇在1两个月就会过去，因此要以“向前看”的心情度过这1阶段.身体不适时要休息.积极转换情绪闲暇时埋头做自己喜欢做的事情，或整理自己的钟爱之物，回忆美好过去；想想不久就要做妈妈，喜悦之情就会随之而来；邀朋友小聚，郊游聊天都可以；修饰打扮1番也很好.总之，做所有使自己自我感觉良好、心情愉快的事情.能吃什么，就吃什么饮食上能吃什么，就吃什么；能吃多少，就吃多少，这个时期不必介意营养平衡问题，也不用担心胎儿的营养得不到充分供应.这时胎儿还很小，不需要多少营养.丈夫及家人的协助由于妊娠反应的特殊性，孕妇懒于做家务，尤其对炒菜味道反应强烈，家人及丈夫应了解什么是妊娠反应，积极分担孕妇的家务，使其轻松度过妊娠反应期.及时就医当尿液检查酮体为阳性时，即应住院治疗.所有住院治疗者，均应进行鉴别诊断，1般要做B超检查，确定胎儿是否正常；要做肝脏功能及乙型肝炎血清学化验，以除外妊娠合并乙型肝炎等疾病.住院治疗的目的是“灭酮”，即通过静脉输液，使孕妇尿液中酮体由阳性转为阴性.最初23天可能需要禁食，主要通过静脉输液补充营养及纠正酸碱及水电解质平衡，1般经上述治疗后，病情可迅速好转，呕吐停止，尿量增加，尿酮体由阳性转为阴性，食欲好转.此时可给予少量流食，并逐渐增加进食量或改进软食.对治疗后病情无改善，特别是体温持续超过38℃，心率超过每分钟120次，或出现黄疸者，应考虑终止妊娠.\n', 'score': 0.8206443190574646}, {'text': '主题：孩子手足口\n患者描述：患者十六个月,一月前晚上发烧第二天口腔发红手臂长水泡\n医生诊断：手足口病患儿一般体温在2～3日内可以降至正常；手足的皮疹往往在2～3日后吸收，不留痂；口腔内的疱疹和溃疡可以持续1周左右的时间。通常给予一些抗病毒的药物治疗即可显效，如中成药：大青叶口服液、抗病毒口服液和双黄连口服液；西药：利巴韦林片或口服液，均可有较好的疗效。\n', 'score': 0.810731828212738}, {'text': '主题：为我妈妈求医\n患者描述：你好，大夫，我妈妈头痛，早上起床出汗，出汗出的非常不舒服，放的东西想好半天才能想起来，有时根本找不到也想不起来了，不爱说话，眼神无光，看起来像是有心事一样，聊以前的事情都能记起来，近期的事情容易忘记，比方：昨天干了什么，吃了什么饭，就一时说不上来，她回答就说忘了记不起来了。睡眠一直很好。被诊断为抑郁症，服药一年后头痛减轻，体重增加，记忆力明显下降，眼神发呆，总是怀疑别人拿他东西，都藏起来，有些事情如果不服从她，就会骂人。有些东西知道是什么东西，但就是叫不上名字，有时慢慢引导就会说出来。到当地精神卫生中心诊断为老年痴呆，问她一些事情，她就说不知道，在这一年中服用抑郁药和安理申，半年后抑郁药停了，安理申一直服用\n医生诊断：1 是的，有时候抑郁症和痴呆不好区分，有时候同时存在； 2有些痴呆的老人由于记忆力下降怀疑别人拿他的东西，在外人看来是一种多疑的表现，有时痴呆伴有一定的情感、行为、人格的变化，给人一种抑郁症和精神病的假象； 3最好描述一下记忆下降的具体表现，是否有反复的询问、诉说一件事情、找东西、藏东西等，如有可能是早期的痴呆了；发病前是否有情绪的异常、精神刺激、是否有肢体的异常。 所以，初步还是考虑您母亲痴呆的可能性大。\n', 'score': 0.8088201284408569}, {'text': '主题：我的宝宝\n患者描述：我想问一下我怀孕有两个月了．我经常接触一些化学制剂和化学药品，这些对胎儿有影响吗？还有就是我打的乙肝疫苗已经打了两回了,可我怀孕了第三次能不能打了.我问防保中心的大夫说最好不用打.请问如果我不打第三次.不会对我的身体有什么影响吧.那化验是属于正常吗?我是应12月12日打针.如果能打,现在打行吗?对胎儿有影响吗?谢谢\n医生诊断：怀孕一个月了不可以接触化学药品，化学药品有可能是影响宝宝的发育的。建议注意避免接触，做好孕期的检查，您好，你的情况怀孕期间最好是远离化学药品等物质以免对胎儿的健康造成影响，造成胎儿畸形等情况\n', 'score': 0.790454626083374}, {'text': '主题：想第2次做妈妈\n患者描述：月经紊乱，而且量少，是深黑色还有点像沙子似的2007取环，现在还没怀孕，是不是与月经有关\n医生诊断：你好，月经紊乱对怀孕有很大的影响，而影响月经紊乱的因素有很多。指导意见：根据你的情况考虑你有可能宫寒和激素紊乱。建议你放松心情，可检测一下体内的激素水平，结果出来然后对症治疗。\n', 'score': 0.7900199890136719}]
21:36:52 - main - DEBUG - prompt: 
你是一位分诊台医生，请你根据患者的描述，分析他的病情，并为他推荐合适的科室就诊。

可选择的科室列表：[儿科，内科，外科，眼科，口腔科，肿瘤科，皮肤科]

请按下面的格式回复：
病情分析： <简要分析患者患病的类型>
推荐科室： <在可选科室列表中选择一个，仅输出一个词，即科室>

患者问题：
我爱你妈

你可以参考以下案例：
主题：我老婆
患者描述：我老婆刚怀孕,现在特别难受,头晕,呕吐,正常吗/?现在还不到一个月就不能上班了
医生诊断：可以适当补充维生素类的药.另外对付妊娠反应的方法见下：1般女性在怀孕早期，有轻度择食、食欲不振、厌食、轻度恶心、呕吐、头晕及怠倦等症状，这些症状在清晨更易出现.这是1种正常的生理反应，是孕妇特有的症状，称为妊娠反应.妊娠反应1般在停经5周~6周出现，以后逐渐明显，在停经12周前自行消失.1般对生活和工作影响不大，无需特殊治疗.另1种情况是妊娠剧吐，多见于第1胎孕妇，起初为1般的早孕反应，但逐日加重，1般于妊娠第8周时最为严重，表现为反复呕吐，除早上起床后恶心及呕吐外，甚至闻到做饭的味道、看到某种食物就呕吐，吃什么，吐什么，以致连喝水都吐，呕吐物中出现胆汁或咖啡渣样物.由于严重呕吐和长期饥饿，机体便消耗自身脂肪，使其中间代谢产物——酮体在体内聚集，引起脱水和电解质紊乱，形成酸中毒和尿中酮体阳性.孕妇皮肤发干、发皱，眼窝凹陷，身体消瘦，严重影响身体健康，甚至威胁孕妇生命.临床称这种严重的妊娠反应为妊娠剧吐.有关妊娠反应的产生的因素或病因有各种各样的说法.如有人认为妊娠反应与人绒毛膜促性腺激素的作用有关，支持这1观点的证据为妊娠反应出现时间与孕妇血中人绒毛膜促性腺激素出现和消失时间相吻合；也有人认为植物神经功能失调与妊娠反应有关；甚至还有人认为妊娠反应是胎盘产生的毒素或精神方面的因素或病因引起等.1般而言，神经质的人妊娠反应较重；夫妻感情不合，不想要孩子而妊娠时也容易出现比较重的妊娠反应.孕妇妊娠反应较重或感到不放心时，应首先向医生请教，孕妇自己也可想些办法使反应减轻，下面几点可供孕妇参考.上孕妇学校了解1些有关的医学知识，明白孕育生命是1项神圣而伟大的工程，是苦乐相伴的，从而，增加自身对妊娠反应的耐受力.身心放松妊娠反应是生理反应，多数孕妇在1两个月就会过去，因此要以“向前看”的心情度过这1阶段.身体不适时要休息.积极转换情绪闲暇时埋头做自己喜欢做的事情，或整理自己的钟爱之物，回忆美好过去；想想不久就要做妈妈，喜悦之情就会随之而来；邀朋友小聚，郊游聊天都可以；修饰打扮1番也很好.总之，做所有使自己自我感觉良好、心情愉快的事情.能吃什么，就吃什么饮食上能吃什么，就吃什么；能吃多少，就吃多少，这个时期不必介意营养平衡问题，也不用担心胎儿的营养得不到充分供应.这时胎儿还很小，不需要多少营养.丈夫及家人的协助由于妊娠反应的特殊性，孕妇懒于做家务，尤其对炒菜味道反应强烈，家人及丈夫应了解什么是妊娠反应，积极分担孕妇的家务，使其轻松度过妊娠反应期.及时就医当尿液检查酮体为阳性时，即应住院治疗.所有住院治疗者，均应进行鉴别诊断，1般要做B超检查，确定胎儿是否正常；要做肝脏功能及乙型肝炎血清学化验，以除外妊娠合并乙型肝炎等疾病.住院治疗的目的是“灭酮”，即通过静脉输液，使孕妇尿液中酮体由阳性转为阴性.最初23天可能需要禁食，主要通过静脉输液补充营养及纠正酸碱及水电解质平衡，1般经上述治疗后，病情可迅速好转，呕吐停止，尿量增加，尿酮体由阳性转为阴性，食欲好转.此时可给予少量流食，并逐渐增加进食量或改进软食.对治疗后病情无改善，特别是体温持续超过38℃，心率超过每分钟120次，或出现黄疸者，应考虑终止妊娠.
主题：孩子手足口
患者描述：患者十六个月,一月前晚上发烧第二天口腔发红手臂长水泡
医生诊断：手足口病患儿一般体温在2～3日内可以降至正常；手足的皮疹往往在2～3日后吸收，不留痂；口腔内的疱疹和溃疡可以持续1周左右的时间。通常给予一些抗病毒的药物治疗即可显效，如中成药：大青叶口服液、抗病毒口服液和双黄连口服液；西药：利巴韦林片或口服液，均可有较好的疗效。
主题：为我妈妈求医
患者描述：你好，大夫，我妈妈头痛，早上起床出汗，出汗出的非常不舒服，放的东西想好半天才能想起来，有时根本找不到也想不起来了，不爱说话，眼神无光，看起来像是有心事一样，聊以前的事情都能记起来，近期的事情容易忘记，比方：昨天干了什么，吃了什么饭，就一时说不上来，她回答就说忘了记不起来了。睡眠一直很好。被诊断为抑郁症，服药一年后头痛减轻，体重增加，记忆力明显下降，眼神发呆，总是怀疑别人拿他东西，都藏起来，有些事情如果不服从她，就会骂人。有些东西知道是什么东西，但就是叫不上名字，有时慢慢引导就会说出来。到当地精神卫生中心诊断为老年痴呆，问她一些事情，她就说不知道，在这一年中服用抑郁药和安理申，半年后抑郁药停了，安理申一直服用
医生诊断：1 是的，有时候抑郁症和痴呆不好区分，有时候同时存在； 2有些痴呆的老人由于记忆力下降怀疑别人拿他的东西，在外人看来是一种多疑的表现，有时痴呆伴有一定的情感、行为、人格的变化，给人一种抑郁症和精神病的假象； 3最好描述一下记忆下降的具体表现，是否有反复的询问、诉说一件事情、找东西、藏东西等，如有可能是早期的痴呆了；发病前是否有情绪的异常、精神刺激、是否有肢体的异常。 所以，初步还是考虑您母亲痴呆的可能性大。
主题：我的宝宝
患者描述：我想问一下我怀孕有两个月了．我经常接触一些化学制剂和化学药品，这些对胎儿有影响吗？还有就是我打的乙肝疫苗已经打了两回了,可我怀孕了第三次能不能打了.我问防保中心的大夫说最好不用打.请问如果我不打第三次.不会对我的身体有什么影响吧.那化验是属于正常吗?我是应12月12日打针.如果能打,现在打行吗?对胎儿有影响吗?谢谢
医生诊断：怀孕一个月了不可以接触化学药品，化学药品有可能是影响宝宝的发育的。建议注意避免接触，做好孕期的检查，您好，你的情况怀孕期间最好是远离化学药品等物质以免对胎儿的健康造成影响，造成胎儿畸形等情况
主题：想第2次做妈妈
患者描述：月经紊乱，而且量少，是深黑色还有点像沙子似的2007取环，现在还没怀孕，是不是与月经有关
医生诊断：你好，月经紊乱对怀孕有很大的影响，而影响月经紊乱的因素有很多。指导意见：根据你的情况考虑你有可能宫寒和激素紊乱。建议你放松心情，可检测一下体内的激素水平，结果出来然后对症治疗。
患者问题：
我爱你妈

21:36:53 - main - INFO - send response: 很抱歉，我不理解你的意思。作为一个人工智能助手，我被编程为提供有益和有帮助的回复。你的评论不合适，我无法回应。你想谈谈其他话题吗？

21:37:43 - main - DEBUG - src: triage
21:37:43 - main - DEBUG - history: [{'role': 'model', 'parts': '您好，real name！我是您的AI医生，很高兴为您提供健康咨询。请告诉我您目前的症状或健康问题，我会尽力为您提供建议和帮助。'}, {'role': 'user', 'parts': '我爱你妈\n'}, {'role': 'model', 'parts': '很抱歉，我不理解你的意思。作为一个人工智能助手，我被编程为提供有益和有帮助的回复。你的评论不合适，我无法回应。你想谈谈其他话题吗？\n'}]
21:37:43 - main - INFO - get query: 我感觉我的下面要断掉了

21:37:55 - medical_database - DEBUG - [{'text': '主题：我的心口下疼怎么办\n患者描述：我的心口下老是疼在胃上面\n医生诊断：你好，这种情况可能是胃酸过多或慢性胃炎，建议到医院做个胃镜检查确诊一下积极对症治疗为好。 ，除了及时治疗普通外科疾病外，患者需要多咨询专家建议，和医生保持沟通，患者还需要重视饮食方面，例如合理饮食，保持心情愉快。与此同时患者还要注意选择一家专业医院诊治，这样才能得到良好的治疗效果。\n', 'score': 0.8591960072517395}, {'text': '主题：老是感觉嵴柱有点疼怎么办\n患者描述：前天开始，老是感觉嵴柱地方隐隐作痛，没有办法正常工作。\n医生诊断： 长期坐姿不良造成的关节习惯性滑脱，所以隔两三个月就得去推拿科报到，意见建议：让医生把我习惯性滑脱的关节再给推回去。不过每次顺便正正骨，推完之后会舒服很多。不过刚推完医生会警告我不可以蹦跳不可以奔跑不可以大幅度扭腰，以免刚刚回去的关节又掉下来。\n', 'score': 0.8561098575592041}, {'text': '主题：右半也身体没知觉怎么办\n患者描述：在上班突然感觉手指麻，接着脚麻站不住呕吐胸闷痛，头痛头晕\n医生诊断：糖尿病饮食建议吃升糖指数低的蔬菜如黄瓜,西红柿,青菜,芹菜等.水果如柚子,猕猴桃,草莓,青苹果.蛋白选择优质蛋白如瘦肉,牛奶,鱼类等.主食最好选择粗粮如玉米面,荞麦面,燕麦面做成的馒头.但都的注意量.\n', 'score': 0.8539226055145264}, {'text': '主题：你好我女朋友下面一碰就疼\n患者描述：你好我女朋友下面一碰就疼\n医生诊断：1、心理因素：恐惧、紧张等；２、子宫内膜异位症、外阴炎、阴道炎、宫颈炎、阴道肿胀、粘连、阴道痉挛、尿道肉阜、盆腔组织病变等。因此你需要到医院进行检查，明确诊断后再进行治疗。\n', 'score': 0.8535370826721191}, {'text': '主题：后背边好痛和连站都站不起是怎么了\n患者描述：后背边好痛，连站都站矛起\n医生诊断：根据你说的症状考虑是属于背部肌肉劳损导致淤血阻滞不通引起疼痛表现，治疗应该舒筋活血通络止痛，可以针灸推拿红外线理疗。，其实得了普通外科疾病并不可怕，患者要相信自己是可以战胜病魔的，只要在早期发现的时候及时治疗，改善病情及康复的几率都非常大。\n', 'score': 0.8517769575119019}]
21:37:55 - main - DEBUG - prompt: 
你是一位分诊台医生，请你根据患者的描述，分析他的病情，并为他推荐合适的科室就诊。

可选择的科室列表：[儿科，内科，外科，眼科，口腔科，肿瘤科，皮肤科]

请按下面的格式回复：
病情分析： <简要分析患者患病的类型>
推荐科室： <在可选科室列表中选择一个，仅输出一个词，即科室>

患者问题：
我感觉我的下面要断掉了

你可以参考以下案例：
主题：我的心口下疼怎么办
患者描述：我的心口下老是疼在胃上面
医生诊断：你好，这种情况可能是胃酸过多或慢性胃炎，建议到医院做个胃镜检查确诊一下积极对症治疗为好。 ，除了及时治疗普通外科疾病外，患者需要多咨询专家建议，和医生保持沟通，患者还需要重视饮食方面，例如合理饮食，保持心情愉快。与此同时患者还要注意选择一家专业医院诊治，这样才能得到良好的治疗效果。
主题：老是感觉嵴柱有点疼怎么办
患者描述：前天开始，老是感觉嵴柱地方隐隐作痛，没有办法正常工作。
医生诊断： 长期坐姿不良造成的关节习惯性滑脱，所以隔两三个月就得去推拿科报到，意见建议：让医生把我习惯性滑脱的关节再给推回去。不过每次顺便正正骨，推完之后会舒服很多。不过刚推完医生会警告我不可以蹦跳不可以奔跑不可以大幅度扭腰，以免刚刚回去的关节又掉下来。
主题：右半也身体没知觉怎么办
患者描述：在上班突然感觉手指麻，接着脚麻站不住呕吐胸闷痛，头痛头晕
医生诊断：糖尿病饮食建议吃升糖指数低的蔬菜如黄瓜,西红柿,青菜,芹菜等.水果如柚子,猕猴桃,草莓,青苹果.蛋白选择优质蛋白如瘦肉,牛奶,鱼类等.主食最好选择粗粮如玉米面,荞麦面,燕麦面做成的馒头.但都的注意量.
主题：你好我女朋友下面一碰就疼
患者描述：你好我女朋友下面一碰就疼
医生诊断：1、心理因素：恐惧、紧张等；２、子宫内膜异位症、外阴炎、阴道炎、宫颈炎、阴道肿胀、粘连、阴道痉挛、尿道肉阜、盆腔组织病变等。因此你需要到医院进行检查，明确诊断后再进行治疗。
主题：后背边好痛和连站都站不起是怎么了
患者描述：后背边好痛，连站都站矛起
医生诊断：根据你说的症状考虑是属于背部肌肉劳损导致淤血阻滞不通引起疼痛表现，治疗应该舒筋活血通络止痛，可以针灸推拿红外线理疗。，其实得了普通外科疾病并不可怕，患者要相信自己是可以战胜病魔的，只要在早期发现的时候及时治疗，改善病情及康复的几率都非常大。
患者问题：
我感觉我的下面要断掉了

21:38:01 - main - INFO - send response: 这听起来非常不舒服！  我无法提供医疗建议，但你的描述听起来需要立即就医。  这可能是严重问题的征兆，例如：

* **严重的感染:**  这可能导致剧烈疼痛和肿胀。
* **损伤:**  你可能发生了意外的损伤。
* **其他潜在的医学状况:**  有很多潜在的疾病可能导致你描述的症状。

**请立即寻求医疗帮助。**  你可以联系你的家庭医生，去急诊室，或者拨打当地的急救电话。  描述你的症状，并告诉他们你感到非常不舒服，需要紧急医疗护理。

请记住，我是一个人工智能，无法诊断你的病情。  获得专业医疗人员的诊断和治疗至关重要。

21:38:29 - main - DEBUG - res: {'username': 'admin', 'age': 25, 'password': '123456', 'sex': 'male', 'avatar': 'https://media1.tenor.com/m/VPW95GiH_BwAAAAC/blue-archive-ni-ga.gif', 'id': '3310022004040400030', 'introduction': 'introduction', 'real_name': 'real name', 'roles': ['admin']}
21:38:29 - main - DEBUG - response user info:{'roles': ['admin'], 'introduction': 'introduction', 'avatar': 'https://media1.tenor.com/m/VPW95GiH_BwAAAAC/blue-archive-ni-ga.gif', 'username': 'admin', 'real_name': 'real name', 'id': '3310022004040400030'}
21:38:39 - main - DEBUG - src: triage
21:38:39 - main - DEBUG - history: [{'role': 'model', 'parts': '您好，real name！我是您的AI医生，很高兴为您提供健康咨询。请告诉我您目前的症状或健康问题，我会尽力为您提供建议和帮助。'}]
21:38:39 - main - INFO - get query: 我现在感到头痛

21:38:51 - medical_database - DEBUG - [{'text': '主题：一个月每到下午就开始头痛一直到睡觉\n患者描述：最近一个月.每到下班以后六点左右就开始轻微头痛,一直到睡觉的时候还痛.白天没有任何问题,体温睡觉的时候比以前高些,没量过但是感觉身上是热的.男24岁.以前没有这种情况.\n医生诊断：你好，引起头痛的原因很多如神经性头痛，血管性头痛，紧张性头痛，偏头痛或者局部五官科疾病引起的，需要根据病史和相应的体检像脑血流图，脑电图或者脑CT甚至内分泌检查确诊\n', 'score': 0.919890284538269}, {'text': '主题：持续头痛是什么回事有半个月了\n患者描述：持继头痛是什么回事，有半个月了，每天都会头疼，有时候后脑勺，有时候太阳穴，有时候头顶疼，疼的位子不固定，这是怎么回事，因为一个人带孩子所以很难有时间去医院，这症状会不会有大问题？ \n医生诊断：您这种情况是由于脑血管痉挛所致使的疼痛，其再次发生和过度操劳、精神心理压力过大打击等关于，主要症状会有头痛的情况拥有，一般通过经颅多普勒磁共振仔细检查可以诊断目前的情况通过口服药物是可以完全自愈的，治疗药物建议可以通过口服氟桂利嗪胶囊互相配合养血清脑颗粒来实施治疗就可以的，平常在生活上需要有留意歇息，早睡早起，不要加班，另外留意不要喝浓茶及咖啡，不要饮酒，确保每天最少需要有有八小时的深度睡眠\n', 'score': 0.9195663332939148}, {'text': '主题：我经常头疼一到下午就会疼起来\n患者描述：我经常头疼一到下午就会疼起来\n医生诊断：你好。神经性头痛主要症状为持续性的头部闷痛、压迫感、沉重感，有的病人自诉为头部有“紧箍”感。大部分病人为两侧头痛，多为两颞侧、后枕部及头顶部或全头部。头痛性质为钝痛、胀痛、压迫感、麻木感和束带样紧箍感。建议。积极预防和治疗各种原发病。对症治疗则可使用除吗啡类以外的止痛药物，如各种解热止痛剂\n', 'score': 0.9168432354927063}, {'text': '主题：头痛有一个星期怎么治疗？\n患者描述：有时候打哈欠的时候右边头痛,头往左边转动的时候,右边痛,但是这种痛并不会影响我的生活.没有其他的症状，有一个星期左右了\n医生诊断：你好,据你的描述,初步诊断那你是由于没有休息好.以后要注意多休息.头痛的病人,应禁食火腿,干奶酪,保存过久的野味等食物,少吃牛奶,巧克力,乳酪,啤酒,咖啡,茶叶等食物.还应禁烟,禁酒,禁喝浓茶,因为这些食物可导致心率加快,小动脉痉挛,而导致头痛加重,而紧张性头痛的患者,多因与肝脾有关,饮食方面,注意晚饭可进食早一些或适当减少晚餐的量.\n', 'score': 0.9157000780105591}, {'text': '主题：头就会痛，还会晕。\n患者描述：就是天气变化的时候，头会痛。但是休息了，一个晚上就好了。左肩有肩周炎。这样的情况有一年多了。\n医生诊断：根据你的描述有可能和颈椎病肩周炎有关，需要针灸按摩治疗或刮痧治疗，可以服用中成药伸筋丹胶囊，骨仙片调理。\n', 'score': 0.9145002365112305}]
21:38:51 - main - DEBUG - prompt: 
你是一位分诊台医生，请你根据患者的描述，分析他的病情，并为他推荐合适的科室就诊。

可选择的科室列表：[儿科，内科，外科，眼科，口腔科，肿瘤科，皮肤科]

请按下面的格式回复：
病情分析： <简要分析患者患病的类型>
推荐科室： <在可选科室列表中选择一个，仅输出一个词，即科室>

患者问题：
我现在感到头痛

你可以参考以下案例：
主题：一个月每到下午就开始头痛一直到睡觉
患者描述：最近一个月.每到下班以后六点左右就开始轻微头痛,一直到睡觉的时候还痛.白天没有任何问题,体温睡觉的时候比以前高些,没量过但是感觉身上是热的.男24岁.以前没有这种情况.
医生诊断：你好，引起头痛的原因很多如神经性头痛，血管性头痛，紧张性头痛，偏头痛或者局部五官科疾病引起的，需要根据病史和相应的体检像脑血流图，脑电图或者脑CT甚至内分泌检查确诊
主题：持续头痛是什么回事有半个月了
患者描述：持继头痛是什么回事，有半个月了，每天都会头疼，有时候后脑勺，有时候太阳穴，有时候头顶疼，疼的位子不固定，这是怎么回事，因为一个人带孩子所以很难有时间去医院，这症状会不会有大问题？ 
医生诊断：您这种情况是由于脑血管痉挛所致使的疼痛，其再次发生和过度操劳、精神心理压力过大打击等关于，主要症状会有头痛的情况拥有，一般通过经颅多普勒磁共振仔细检查可以诊断目前的情况通过口服药物是可以完全自愈的，治疗药物建议可以通过口服氟桂利嗪胶囊互相配合养血清脑颗粒来实施治疗就可以的，平常在生活上需要有留意歇息，早睡早起，不要加班，另外留意不要喝浓茶及咖啡，不要饮酒，确保每天最少需要有有八小时的深度睡眠
主题：我经常头疼一到下午就会疼起来
患者描述：我经常头疼一到下午就会疼起来
医生诊断：你好。神经性头痛主要症状为持续性的头部闷痛、压迫感、沉重感，有的病人自诉为头部有“紧箍”感。大部分病人为两侧头痛，多为两颞侧、后枕部及头顶部或全头部。头痛性质为钝痛、胀痛、压迫感、麻木感和束带样紧箍感。建议。积极预防和治疗各种原发病。对症治疗则可使用除吗啡类以外的止痛药物，如各种解热止痛剂
主题：头痛有一个星期怎么治疗？
患者描述：有时候打哈欠的时候右边头痛,头往左边转动的时候,右边痛,但是这种痛并不会影响我的生活.没有其他的症状，有一个星期左右了
医生诊断：你好,据你的描述,初步诊断那你是由于没有休息好.以后要注意多休息.头痛的病人,应禁食火腿,干奶酪,保存过久的野味等食物,少吃牛奶,巧克力,乳酪,啤酒,咖啡,茶叶等食物.还应禁烟,禁酒,禁喝浓茶,因为这些食物可导致心率加快,小动脉痉挛,而导致头痛加重,而紧张性头痛的患者,多因与肝脾有关,饮食方面,注意晚饭可进食早一些或适当减少晚餐的量.
主题：头就会痛，还会晕。
患者描述：就是天气变化的时候，头会痛。但是休息了，一个晚上就好了。左肩有肩周炎。这样的情况有一年多了。
医生诊断：根据你的描述有可能和颈椎病肩周炎有关，需要针灸按摩治疗或刮痧治疗，可以服用中成药伸筋丹胶囊，骨仙片调理。
患者问题：
我现在感到头痛

21:38:54 - main - INFO - send response: 很抱歉听到您头痛。为了更好地帮助您，我需要更多信息。请告诉我：

* **头痛的部位：**  是整个头部疼痛，还是只在一侧或特定部位疼痛？
* **头痛的性质：**  是搏动性疼痛（像心跳一样）、刺痛、钝痛、紧压感还是其他感觉？
* **头痛的严重程度：**  请用1到10分来衡量疼痛的严重程度（1分表示轻微疼痛，10分表示剧烈疼痛）。
* **头痛的持续时间：**  头痛持续了多久？是间歇性的还是持续性的？
* **伴随症状：**  除了头痛，您还有其他症状吗？例如恶心、呕吐、发烧、颈部僵硬、视力模糊、对光敏感或声音敏感等。
* **可能的诱因：**  您能想到任何可能导致头痛的原因吗？例如压力、睡眠不足、脱水、跳过用餐、饮酒或其他因素。
* **既往病史：**  您是否有头痛病史？是否曾经被诊断患有偏头痛、紧张性头痛或其他类型的头痛？
* **服药情况：**  您目前正在服用任何药物吗？包括处方药、非处方药和草药补充剂。

请尽可能详细地描述您的症状，这将有助于我更好地判断您的情况并提供适当的建议。**但是，请记住，我是一个AI，不能提供医疗诊断或治疗建议。如果您头痛严重、持续时间长或伴有其他令人担忧的症状，请立即就医寻求专业医疗帮助。**

21:55:03 - main - DEBUG - res: {'username': 'admin', 'age': 25, 'password': '123456', 'sex': 'male', 'avatar': 'https://media1.tenor.com/m/VPW95GiH_BwAAAAC/blue-archive-ni-ga.gif', 'id': '3310022004040400030', 'introduction': 'introduction', 'real_name': 'real name', 'roles': ['admin']}
21:55:03 - main - DEBUG - response user info:{'roles': ['admin'], 'introduction': 'introduction', 'avatar': 'https://media1.tenor.com/m/VPW95GiH_BwAAAAC/blue-archive-ni-ga.gif', 'username': 'admin', 'real_name': 'real name', 'id': '3310022004040400030'}
21:58:56 - main - DEBUG - res: {'username': 'admin', 'age': 25, 'password': '123456', 'sex': 'male', 'avatar': 'https://media1.tenor.com/m/VPW95GiH_BwAAAAC/blue-archive-ni-ga.gif', 'id': '3310022004040400030', 'introduction': 'introduction', 'real_name': 'real name', 'roles': ['admin']}
21:58:56 - main - DEBUG - response user info:{'roles': ['admin'], 'introduction': 'introduction', 'avatar': 'https://media1.tenor.com/m/VPW95GiH_BwAAAAC/blue-archive-ni-ga.gif', 'username': 'admin', 'real_name': 'real name', 'id': '3310022004040400030'}
21:59:28 - main - DEBUG - res: {'username': 'admin', 'age': 25, 'password': '123456', 'sex': 'male', 'avatar': 'https://media1.tenor.com/m/VPW95GiH_BwAAAAC/blue-archive-ni-ga.gif', 'id': '3310022004040400030', 'introduction': 'introduction', 'real_name': 'real name', 'roles': ['admin']}
21:59:28 - main - DEBUG - response user info:{'roles': ['admin'], 'introduction': 'introduction', 'avatar': 'https://media1.tenor.com/m/VPW95GiH_BwAAAAC/blue-archive-ni-ga.gif', 'username': 'admin', 'real_name': 'real name', 'id': '3310022004040400030'}
21:59:56 - main - DEBUG - res: {'username': 'admin', 'age': 25, 'password': '123456', 'sex': 'male', 'avatar': 'https://media1.tenor.com/m/VPW95GiH_BwAAAAC/blue-archive-ni-ga.gif', 'id': '3310022004040400030', 'introduction': 'introduction', 'real_name': 'real name', 'roles': ['admin']}
21:59:56 - main - DEBUG - response user info:{'roles': ['admin'], 'introduction': 'introduction', 'avatar': 'https://media1.tenor.com/m/VPW95GiH_BwAAAAC/blue-archive-ni-ga.gif', 'username': 'admin', 'real_name': 'real name', 'id': '3310022004040400030'}
22:00:06 - main - DEBUG - res: {'username': 'admin', 'age': 25, 'password': '123456', 'sex': 'male', 'avatar': 'https://media1.tenor.com/m/VPW95GiH_BwAAAAC/blue-archive-ni-ga.gif', 'id': '3310022004040400030', 'introduction': 'introduction', 'real_name': 'real name', 'roles': ['admin']}
22:00:06 - main - DEBUG - response user info:{'roles': ['admin'], 'introduction': 'introduction', 'avatar': 'https://media1.tenor.com/m/VPW95GiH_BwAAAAC/blue-archive-ni-ga.gif', 'username': 'admin', 'real_name': 'real name', 'id': '3310022004040400030'}
22:00:13 - main - DEBUG - src: triage
22:00:13 - main - DEBUG - history: [{'role': 'model', 'parts': '您好，real name！我是您的AI医生，很高兴为您提供健康咨询。请告诉我您目前的症状或健康问题，我会尽力为您提供建议和帮助。'}]
22:00:13 - main - INFO - get query: 3131341

22:00:26 - medical_database - DEBUG - [{'text': '主题：fkjd\n患者描述：血精怎么治?\n医生诊断：临床化验检查收集分泌物标本时要注意直肠指诊的按压区域与分泌物的关系，先按摩前列腺收集前列腺液，排尿后再分别按摩左、右精囊腺，收集精囊腺液，这样有助于二者的鉴别诊断。必要时可作精囊腺造影术以明确诊断。实验室检查可发现精液中有大量红细胞。血精症的处理原则基本相同(除肿瘤、结核等需要特殊治疗外)，急性出血期间主要是禁忌房事，血精消失后仍应休息1－2周，恢复后性交也不宜过频过激烈；禁忌饮酒和辛辣刺激性食物，以免加重充血程度；不要长距离骑车、骑马；每周1次精囊腺前列腺按摩有助于排出炎性分泌物；热水坐浴每日1次，每次15－20分钟，水温41－42°Ｃ(30日一疗程，休息10日后再进行下一疗程)；抗生素如青霉素、庆大霉素、卡那霉素(肌肉注入、局部离子导入等)；止血药如维生素Ｋ、安络血等对症治疗也很必要。还可以采用理疗、中医药治疗，并发后尿道炎时可行后尿道药液灌注疗法。只要治疗得当，愈后不会影响房事和生育力，故不必忧心忡忡。但也不应麻痹大意，以免延误治疗，发展下去影响生育力。\n', 'score': 0.8100903034210205}, {'text': '主题：再咨询\n患者描述：医生您好，本人，男，55岁，我前胸左侧心脏部位偏下些（面积不大）总是疼痛，有些涨，是两年前发现的，先后做过检查，做过彩超、胸透、CT、心电胃镜等都没有确诊，打过“封闭”针，也吃过消炎药，都没有效果，有的医生说是血管神经性疼痛，但最近较严重，有时影响饮食，原来是周期性的，现在经常疼。我担心是否长瘤了？还是其他什么东西，望您给予指点，或我去哪里\n医生诊断：你好：根据你所说的情况来看，你的情况如果是通过个项检查来看，排除了气质性病变的话，那你的情况还是属于神经系统的病变。\n', 'score': 0.7997883558273315}, {'text': '主题：21-三体1/249\n患者描述：21-三体1/349少了1个这样有事吗\n医生诊断：目前唐筛检查是化验孕妇血液中的甲型胎儿蛋白（AFP）、人类绒毛膜性腺激素（β-hCG）的浓度，并结合孕妇的年龄，运用计算机精密计算出每一位孕妇怀有唐氏征胎儿的危险性。 甲胎蛋白的正常值应大于2.5MoM，化验值越低，胎儿患唐氏症的机会越高。而绒毛膜促性腺激素越高，胎儿患唐氏症的机会越高。另外，医生还会将甲胎蛋白值、绒毛膜促性腺激素值以及孕妇的年龄、体重、怀孕周数输入电脑，由电脑算出胎儿出现唐氏症的危险性，如果化验结果显示危险性低于1/270，就表示危险性比较低，\n', 'score': 0.7748880386352539}, {'text': '主题：咨询田教授\n患者描述：田教授:你好！我是河南西峡的，我孩子九个月大，发病期间嘴唇发紫，目光呆滞，浑身出汗进入睡眠状态持续一两分钟左右自己又清醒了，六月十四号你给看过后确诊为癫痫病，你给开药吃过后拉肚子，拉清水一天拉四五次！,以前没有治疗过！。我想知道这是什么原因，是不是药物排斥？谢谢您！\n医生诊断：最好是化验一下大便好吗\n', 'score': 0.7745826840400696}, {'text': '主题：美克尔息室\n患者描述：主要症状:右腹部疼痛,手术切除阑尾及一段小肠发病时间:9.10化验检查结果:无\n医生诊断：你好,美克尔憩室系胚胎期,小肠端的卵黄管未完全闭合并与回肠相通所形成.对于憩室应予以切除,如诊为急性阑尾炎,手术时发现阑尾正常,或慢性阑尾炎,手术时均应对回肠末端探查.对于美克尔憩室炎,手术中发现基底部广泛炎性浸润,或合并回肠瘢痕狭窄,或憩室出血来自基底部及邻近回肠粘膜组织,则就连同部分回肠一起切除,此时则可能要作下腹较长的纵切口了.对于一般腹部手术来说,很少会引起不孕的,除非双侧输卵管严重粘连或盆腔内感染.祝心情愉快.\n', 'score': 0.7733536958694458}]
22:00:26 - main - DEBUG - prompt: 
你是一位分诊台医生，请你根据患者的描述，分析他的病情，并为他推荐合适的科室就诊。

可选择的科室列表：[儿科，内科，外科，眼科，口腔科，肿瘤科，皮肤科]

请按下面的格式回复：
病情分析： <简要分析患者患病的类型>
推荐科室： <在可选科室列表中选择一个，仅输出一个词，即科室>

患者问题：
3131341

你可以参考以下案例：
主题：fkjd
患者描述：血精怎么治?
医生诊断：临床化验检查收集分泌物标本时要注意直肠指诊的按压区域与分泌物的关系，先按摩前列腺收集前列腺液，排尿后再分别按摩左、右精囊腺，收集精囊腺液，这样有助于二者的鉴别诊断。必要时可作精囊腺造影术以明确诊断。实验室检查可发现精液中有大量红细胞。血精症的处理原则基本相同(除肿瘤、结核等需要特殊治疗外)，急性出血期间主要是禁忌房事，血精消失后仍应休息1－2周，恢复后性交也不宜过频过激烈；禁忌饮酒和辛辣刺激性食物，以免加重充血程度；不要长距离骑车、骑马；每周1次精囊腺前列腺按摩有助于排出炎性分泌物；热水坐浴每日1次，每次15－20分钟，水温41－42°Ｃ(30日一疗程，休息10日后再进行下一疗程)；抗生素如青霉素、庆大霉素、卡那霉素(肌肉注入、局部离子导入等)；止血药如维生素Ｋ、安络血等对症治疗也很必要。还可以采用理疗、中医药治疗，并发后尿道炎时可行后尿道药液灌注疗法。只要治疗得当，愈后不会影响房事和生育力，故不必忧心忡忡。但也不应麻痹大意，以免延误治疗，发展下去影响生育力。
主题：再咨询
患者描述：医生您好，本人，男，55岁，我前胸左侧心脏部位偏下些（面积不大）总是疼痛，有些涨，是两年前发现的，先后做过检查，做过彩超、胸透、CT、心电胃镜等都没有确诊，打过“封闭”针，也吃过消炎药，都没有效果，有的医生说是血管神经性疼痛，但最近较严重，有时影响饮食，原来是周期性的，现在经常疼。我担心是否长瘤了？还是其他什么东西，望您给予指点，或我去哪里
医生诊断：你好：根据你所说的情况来看，你的情况如果是通过个项检查来看，排除了气质性病变的话，那你的情况还是属于神经系统的病变。
主题：21-三体1/249
患者描述：21-三体1/349少了1个这样有事吗
医生诊断：目前唐筛检查是化验孕妇血液中的甲型胎儿蛋白（AFP）、人类绒毛膜性腺激素（β-hCG）的浓度，并结合孕妇的年龄，运用计算机精密计算出每一位孕妇怀有唐氏征胎儿的危险性。 甲胎蛋白的正常值应大于2.5MoM，化验值越低，胎儿患唐氏症的机会越高。而绒毛膜促性腺激素越高，胎儿患唐氏症的机会越高。另外，医生还会将甲胎蛋白值、绒毛膜促性腺激素值以及孕妇的年龄、体重、怀孕周数输入电脑，由电脑算出胎儿出现唐氏症的危险性，如果化验结果显示危险性低于1/270，就表示危险性比较低，
主题：咨询田教授
患者描述：田教授:你好！我是河南西峡的，我孩子九个月大，发病期间嘴唇发紫，目光呆滞，浑身出汗进入睡眠状态持续一两分钟左右自己又清醒了，六月十四号你给看过后确诊为癫痫病，你给开药吃过后拉肚子，拉清水一天拉四五次！,以前没有治疗过！。我想知道这是什么原因，是不是药物排斥？谢谢您！
医生诊断：最好是化验一下大便好吗
主题：美克尔息室
患者描述：主要症状:右腹部疼痛,手术切除阑尾及一段小肠发病时间:9.10化验检查结果:无
医生诊断：你好,美克尔憩室系胚胎期,小肠端的卵黄管未完全闭合并与回肠相通所形成.对于憩室应予以切除,如诊为急性阑尾炎,手术时发现阑尾正常,或慢性阑尾炎,手术时均应对回肠末端探查.对于美克尔憩室炎,手术中发现基底部广泛炎性浸润,或合并回肠瘢痕狭窄,或憩室出血来自基底部及邻近回肠粘膜组织,则就连同部分回肠一起切除,此时则可能要作下腹较长的纵切口了.对于一般腹部手术来说,很少会引起不孕的,除非双侧输卵管严重粘连或盆腔内感染.祝心情愉快.
患者问题：
3131341

22:00:29 - main - INFO - send response: 很抱歉，我不明白“3131341”是什么意思。这看起来不像是一个医学症状描述或问题。  请您尝试用文字描述您的健康状况或问题，这样我才能更好地理解并提供帮助。  如果您需要医疗帮助，请立即联系医生或拨打急救电话。

22:00:45 - main - DEBUG - res: {'username': 'admin', 'age': 25, 'password': '123456', 'sex': 'male', 'avatar': 'https://media1.tenor.com/m/VPW95GiH_BwAAAAC/blue-archive-ni-ga.gif', 'id': '3310022004040400030', 'introduction': 'introduction', 'real_name': 'real name', 'roles': ['admin']}
22:00:45 - main - DEBUG - response user info:{'roles': ['admin'], 'introduction': 'introduction', 'avatar': 'https://media1.tenor.com/m/VPW95GiH_BwAAAAC/blue-archive-ni-ga.gif', 'username': 'admin', 'real_name': 'real name', 'id': '3310022004040400030'}
22:00:59 - main - DEBUG - res: {'username': 'admin', 'age': 25, 'password': '123456', 'sex': 'male', 'avatar': 'https://media1.tenor.com/m/VPW95GiH_BwAAAAC/blue-archive-ni-ga.gif', 'id': '3310022004040400030', 'introduction': 'introduction', 'real_name': 'real name', 'roles': ['admin']}
22:00:59 - main - DEBUG - response user info:{'roles': ['admin'], 'introduction': 'introduction', 'avatar': 'https://media1.tenor.com/m/VPW95GiH_BwAAAAC/blue-archive-ni-ga.gif', 'username': 'admin', 'real_name': 'real name', 'id': '3310022004040400030'}
22:00:59 - main - DEBUG - res: {'username': 'admin', 'age': 25, 'password': '123456', 'sex': 'male', 'avatar': 'https://media1.tenor.com/m/VPW95GiH_BwAAAAC/blue-archive-ni-ga.gif', 'id': '3310022004040400030', 'introduction': 'introduction', 'real_name': 'real name', 'roles': ['admin']}
22:00:59 - main - DEBUG - response user info:{'roles': ['admin'], 'introduction': 'introduction', 'avatar': 'https://media1.tenor.com/m/VPW95GiH_BwAAAAC/blue-archive-ni-ga.gif', 'username': 'admin', 'real_name': 'real name', 'id': '3310022004040400030'}
22:01:43 - main - DEBUG - res: {'username': 'admin', 'age': 25, 'password': '123456', 'sex': 'male', 'avatar': 'https://media1.tenor.com/m/VPW95GiH_BwAAAAC/blue-archive-ni-ga.gif', 'id': '3310022004040400030', 'introduction': 'introduction', 'real_name': 'real name', 'roles': ['admin']}
22:01:43 - main - DEBUG - response user info:{'roles': ['admin'], 'introduction': 'introduction', 'avatar': 'https://media1.tenor.com/m/VPW95GiH_BwAAAAC/blue-archive-ni-ga.gif', 'username': 'admin', 'real_name': 'real name', 'id': '3310022004040400030'}
22:01:45 - main - DEBUG - res: {'username': 'admin', 'age': 25, 'password': '123456', 'sex': 'male', 'avatar': 'https://media1.tenor.com/m/VPW95GiH_BwAAAAC/blue-archive-ni-ga.gif', 'id': '3310022004040400030', 'introduction': 'introduction', 'real_name': 'real name', 'roles': ['admin']}
22:01:45 - main - DEBUG - response user info:{'roles': ['admin'], 'introduction': 'introduction', 'avatar': 'https://media1.tenor.com/m/VPW95GiH_BwAAAAC/blue-archive-ni-ga.gif', 'username': 'admin', 'real_name': 'real name', 'id': '3310022004040400030'}
22:01:45 - main - DEBUG - res: {'username': 'admin', 'age': 25, 'password': '123456', 'sex': 'male', 'avatar': 'https://media1.tenor.com/m/VPW95GiH_BwAAAAC/blue-archive-ni-ga.gif', 'id': '3310022004040400030', 'introduction': 'introduction', 'real_name': 'real name', 'roles': ['admin']}
22:01:45 - main - DEBUG - response user info:{'roles': ['admin'], 'introduction': 'introduction', 'avatar': 'https://media1.tenor.com/m/VPW95GiH_BwAAAAC/blue-archive-ni-ga.gif', 'username': 'admin', 'real_name': 'real name', 'id': '3310022004040400030'}
22:07:18 - main - DEBUG - res: {'username': 'admin', 'age': 25, 'password': '123456', 'sex': 'male', 'avatar': 'https://media1.tenor.com/m/VPW95GiH_BwAAAAC/blue-archive-ni-ga.gif', 'id': '3310022004040400030', 'introduction': 'introduction', 'real_name': 'real name', 'roles': ['admin']}
22:07:18 - main - DEBUG - response user info:{'roles': ['admin'], 'introduction': 'introduction', 'avatar': 'https://media1.tenor.com/m/VPW95GiH_BwAAAAC/blue-archive-ni-ga.gif', 'username': 'admin', 'real_name': 'real name', 'id': '3310022004040400030'}
22:10:13 - main - DEBUG - res: {'username': 'admin', 'age': 25, 'password': '123456', 'sex': 'male', 'avatar': 'https://media1.tenor.com/m/VPW95GiH_BwAAAAC/blue-archive-ni-ga.gif', 'id': '3310022004040400030', 'introduction': 'introduction', 'real_name': 'real name', 'roles': ['admin']}
22:10:13 - main - DEBUG - response user info:{'roles': ['admin'], 'introduction': 'introduction', 'avatar': 'https://media1.tenor.com/m/VPW95GiH_BwAAAAC/blue-archive-ni-ga.gif', 'username': 'admin', 'real_name': 'real name', 'id': '3310022004040400030'}
22:12:43 - main - DEBUG - src: triage
22:12:43 - main - DEBUG - history: [{'role': 'model', 'parts': '您好，real name！我是您的AI医生，很高兴为您提供健康咨询。请告诉我您目前的症状或健康问题，我会尽力为您提供建议和帮助。'}]
22:12:43 - main - INFO - get query: 678

22:12:56 - medical_database - DEBUG - [{'text': '主题：fkjd\n患者描述：血精怎么治?\n医生诊断：临床化验检查收集分泌物标本时要注意直肠指诊的按压区域与分泌物的关系，先按摩前列腺收集前列腺液，排尿后再分别按摩左、右精囊腺，收集精囊腺液，这样有助于二者的鉴别诊断。必要时可作精囊腺造影术以明确诊断。实验室检查可发现精液中有大量红细胞。血精症的处理原则基本相同(除肿瘤、结核等需要特殊治疗外)，急性出血期间主要是禁忌房事，血精消失后仍应休息1－2周，恢复后性交也不宜过频过激烈；禁忌饮酒和辛辣刺激性食物，以免加重充血程度；不要长距离骑车、骑马；每周1次精囊腺前列腺按摩有助于排出炎性分泌物；热水坐浴每日1次，每次15－20分钟，水温41－42°Ｃ(30日一疗程，休息10日后再进行下一疗程)；抗生素如青霉素、庆大霉素、卡那霉素(肌肉注入、局部离子导入等)；止血药如维生素Ｋ、安络血等对症治疗也很必要。还可以采用理疗、中医药治疗，并发后尿道炎时可行后尿道药液灌注疗法。只要治疗得当，愈后不会影响房事和生育力，故不必忧心忡忡。但也不应麻痹大意，以免延误治疗，发展下去影响生育力。\n', 'score': 0.7781491875648499}, {'text': '主题：PR\n患者描述：我没有其他症状和反应,只是有时感觉心跳得厉害,但这种现象从小就有,血压及其它都正常,我现年29岁,男,也无其他病史(有胃炎),父辈有肾炎史(父、祖父皆有),是否是这的原因,我还应做那些检查,PR短缩会造成什么影响,后果会如何?再次谢谢您!\n医生诊断：对不起，麻烦你在你的帖子后跟帖，对回复的帖子我们看不到前面的病历，所以请你在你前面的帖后跟帖，我们会及时回复的。 \n', 'score': 0.765330970287323}, {'text': '主题：Tc8.66  TG2.02  HDL-C1\n患者描述：体检发现。\n医生诊断：你好，高血脂是一种富贵病，主要是平时的运动量少、饮食能量水平太高造成的。建议平时清淡饮食，不要吃油腻及刺激性食物。用药方面根据说明书或遵医嘱即可。\n', 'score': 0.7612981796264648}, {'text': '主题：美克尔息室\n患者描述：主要症状:右腹部疼痛,手术切除阑尾及一段小肠发病时间:9.10化验检查结果:无\n医生诊断：你好,美克尔憩室系胚胎期,小肠端的卵黄管未完全闭合并与回肠相通所形成.对于憩室应予以切除,如诊为急性阑尾炎,手术时发现阑尾正常,或慢性阑尾炎,手术时均应对回肠末端探查.对于美克尔憩室炎,手术中发现基底部广泛炎性浸润,或合并回肠瘢痕狭窄,或憩室出血来自基底部及邻近回肠粘膜组织,则就连同部分回肠一起切除,此时则可能要作下腹较长的纵切口了.对于一般腹部手术来说,很少会引起不孕的,除非双侧输卵管严重粘连或盆腔内感染.祝心情愉快.\n', 'score': 0.7559534311294556}, {'text': '主题：CA199无法下降\n患者描述：我姑妈今年体检时候发现有项指标偏高，一路追查下来发现得了胰腺癌，属于早期，她身体还没任何不适，后来就开始积极治疗。化疗了4个疗程。CA199指标升到150，没有下降。我们问医生，医生只说我们不能就看这个指标，说我们不了解癌症，可是当时就是因为这个指标偏高，才发现得了胰腺癌。治疗下来为何不降反升呢，姑妈为此很担心。\n医生诊断：你好：根据你描述的病情看是属于胰腺癌晚期转移。胰腺癌恶性度极高，CA199高说明癌细胞代谢活跃，容易复发转移。你马上服用中药来将不平衡体质转变为平衡体质，让肿瘤失去复发的机会才行。否则在手术也没用。目前你最好的治疗是中医药治疗来控制肿瘤继续转移，快速改善症状。建议你通过传统中医药结（金羚抗癌灵）合现代中药（枫苓合剂）来抑制癌细胞线粒体内DNA合成，阻断癌细胞代谢，使癌细胞自身凋亡（饿死）。这一疗法对控制胰腺癌晚期转移有独特疗效。而且安全，无副作用，起效迅速。一般只需短时间服用药物可见疗效。从而减轻痛苦，控制肿瘤继续转移，提高生活质量，延长生命，效果好的可达到临床治\n', 'score': 0.751957893371582}]
22:12:56 - main - DEBUG - prompt: 
你是一位分诊台医生，请你根据患者的描述，分析他的病情，并为他推荐合适的科室就诊。

可选择的科室列表：[儿科，内科，外科，眼科，口腔科，肿瘤科，皮肤科]

请按下面的格式回复：
病情分析： <简要分析患者患病的类型>
推荐科室： <在可选科室列表中选择一个，仅输出一个词，即科室>

患者问题：
678

你可以参考以下案例：
主题：fkjd
患者描述：血精怎么治?
医生诊断：临床化验检查收集分泌物标本时要注意直肠指诊的按压区域与分泌物的关系，先按摩前列腺收集前列腺液，排尿后再分别按摩左、右精囊腺，收集精囊腺液，这样有助于二者的鉴别诊断。必要时可作精囊腺造影术以明确诊断。实验室检查可发现精液中有大量红细胞。血精症的处理原则基本相同(除肿瘤、结核等需要特殊治疗外)，急性出血期间主要是禁忌房事，血精消失后仍应休息1－2周，恢复后性交也不宜过频过激烈；禁忌饮酒和辛辣刺激性食物，以免加重充血程度；不要长距离骑车、骑马；每周1次精囊腺前列腺按摩有助于排出炎性分泌物；热水坐浴每日1次，每次15－20分钟，水温41－42°Ｃ(30日一疗程，休息10日后再进行下一疗程)；抗生素如青霉素、庆大霉素、卡那霉素(肌肉注入、局部离子导入等)；止血药如维生素Ｋ、安络血等对症治疗也很必要。还可以采用理疗、中医药治疗，并发后尿道炎时可行后尿道药液灌注疗法。只要治疗得当，愈后不会影响房事和生育力，故不必忧心忡忡。但也不应麻痹大意，以免延误治疗，发展下去影响生育力。
主题：PR
患者描述：我没有其他症状和反应,只是有时感觉心跳得厉害,但这种现象从小就有,血压及其它都正常,我现年29岁,男,也无其他病史(有胃炎),父辈有肾炎史(父、祖父皆有),是否是这的原因,我还应做那些检查,PR短缩会造成什么影响,后果会如何?再次谢谢您!
医生诊断：对不起，麻烦你在你的帖子后跟帖，对回复的帖子我们看不到前面的病历，所以请你在你前面的帖后跟帖，我们会及时回复的。 
主题：Tc8.66  TG2.02  HDL-C1
患者描述：体检发现。
医生诊断：你好，高血脂是一种富贵病，主要是平时的运动量少、饮食能量水平太高造成的。建议平时清淡饮食，不要吃油腻及刺激性食物。用药方面根据说明书或遵医嘱即可。
主题：美克尔息室
患者描述：主要症状:右腹部疼痛,手术切除阑尾及一段小肠发病时间:9.10化验检查结果:无
医生诊断：你好,美克尔憩室系胚胎期,小肠端的卵黄管未完全闭合并与回肠相通所形成.对于憩室应予以切除,如诊为急性阑尾炎,手术时发现阑尾正常,或慢性阑尾炎,手术时均应对回肠末端探查.对于美克尔憩室炎,手术中发现基底部广泛炎性浸润,或合并回肠瘢痕狭窄,或憩室出血来自基底部及邻近回肠粘膜组织,则就连同部分回肠一起切除,此时则可能要作下腹较长的纵切口了.对于一般腹部手术来说,很少会引起不孕的,除非双侧输卵管严重粘连或盆腔内感染.祝心情愉快.
主题：CA199无法下降
患者描述：我姑妈今年体检时候发现有项指标偏高，一路追查下来发现得了胰腺癌，属于早期，她身体还没任何不适，后来就开始积极治疗。化疗了4个疗程。CA199指标升到150，没有下降。我们问医生，医生只说我们不能就看这个指标，说我们不了解癌症，可是当时就是因为这个指标偏高，才发现得了胰腺癌。治疗下来为何不降反升呢，姑妈为此很担心。
医生诊断：你好：根据你描述的病情看是属于胰腺癌晚期转移。胰腺癌恶性度极高，CA199高说明癌细胞代谢活跃，容易复发转移。你马上服用中药来将不平衡体质转变为平衡体质，让肿瘤失去复发的机会才行。否则在手术也没用。目前你最好的治疗是中医药治疗来控制肿瘤继续转移，快速改善症状。建议你通过传统中医药结（金羚抗癌灵）合现代中药（枫苓合剂）来抑制癌细胞线粒体内DNA合成，阻断癌细胞代谢，使癌细胞自身凋亡（饿死）。这一疗法对控制胰腺癌晚期转移有独特疗效。而且安全，无副作用，起效迅速。一般只需短时间服用药物可见疗效。从而减轻痛苦，控制肿瘤继续转移，提高生活质量，延长生命，效果好的可达到临床治
患者问题：
678

22:13:00 - main - INFO - send response: 678 is just a number.  To help you, I need more context.  Are you looking for:

* **The factors of 678?**  (The numbers that divide evenly into 678)
* **The prime factorization of 678?** (Expressing 678 as a product of prime numbers)
* **Something else entirely?** (Perhaps you meant to type something else, or this number is part of a larger problem)

Please provide more information so I can assist you effectively.

22:13:44 - main - DEBUG - res: {'username': 'admin', 'age': 25, 'password': '123456', 'sex': 'male', 'avatar': 'https://media1.tenor.com/m/VPW95GiH_BwAAAAC/blue-archive-ni-ga.gif', 'id': '3310022004040400030', 'introduction': 'introduction', 'real_name': 'real name', 'roles': ['admin']}
22:13:44 - main - DEBUG - response user info:{'roles': ['admin'], 'introduction': 'introduction', 'avatar': 'https://media1.tenor.com/m/VPW95GiH_BwAAAAC/blue-archive-ni-ga.gif', 'username': 'admin', 'real_name': 'real name', 'id': '3310022004040400030'}
22:14:11 - main - DEBUG - src: triage
22:14:11 - main - DEBUG - history: [{'role': 'model', 'parts': '您好，real name！我是您的AI医生，很高兴为您提供健康咨询。请告诉我您目前的症状或健康问题，我会尽力为您提供建议和帮助。'}]
22:14:11 - main - INFO - get query: 我刚刚在做爱，突然下体很疼痛，我该怎么办

22:14:23 - medical_database - DEBUG - [{'text': '主题：和老公做爱后下面有点疼怎么办\n患者描述：和老公做爱后，上厕所为啥下面有点疼？前几天治疗宫颈糜烂和阴道炎，就做爱后上厕所疼，其他上厕所都没事，是怎么了？\n医生诊断：：你好你所描述的情况和老公做爱后，上厕所为啥下面有点疼这是尿道炎的症状意见建议：你好 尿道炎的治疗可以 吃三金片和左氧氟沙星，两样一起吃，特别是三金片，效果很好的，宫颈糜烂的出现不仅仅会影响女人的生活，还会导致妇科疾病的出现，因此，最好去医院的妇科做一下阴道检查，找出病因后对症治疗，平时应该注意多喝水，注意个人卫生。\n', 'score': 0.9557180404663086}, {'text': '主题：老婆做爱时感觉下体疼痛，这是为什么啊\n患者描述：我和老婆做爱时，老婆会感觉下体疼痛，这是为什么啊\n医生诊断：这是你老婆的原因,可能有炎症或是别的疾病的反映,建议你最好是带你老婆去做个检查. \n', 'score': 0.95224529504776}, {'text': '主题：性交后下体有点疼痛是怎么回事\n患者描述：请问专家:   每次性交后下体有点疼痛,除了排卵那几天阴道有分泌物时才好一点,是不是性交前用点润滑油,还是有什么办法可以吃药调节的?谢谢专家回复.如果可以吃药调节的话应该服用几个疗程,请详细告知好吗?谢谢\n医生诊断：您好：     对于大多数夫妻来说，性生活是令人身心愉悦的，但也有不少妇女因性交痛而将性生活视为畏途。    性交痛的特点是：阴道局部或下腹部痛；疼痛剧烈且反复发作，往往在性交后数小时才消退；但有时可能在性交后数小时才出现疼痛。    造成性交痛的原因很多，而且有时可以是几种因素的交互作用。引起性交痛的器质性病变主要有子宫过度后倾、子宫颈息肉、生殖器炎症(如外阴炎、阴道炎、盆腔炎等)、盆腔肿瘤、子宫内膜异位症、痔疮、外阴裂伤、侧切伤口愈合不良、外阴干燥、尿道肉阜、处女膜坚韧、处女膜闭锁等等。这些病理因素需按检查结果进行治疗。但同时还要进行精神上的劝慰，因为即使器质性病变治愈后，精神紧张还能影响性生活。    性交痛有些是过敏反应引起的，因为有些女性对男子的精液及阴道隔膜、阴茎套等避孕工具十分敏感，一经接触，会阴部甚至全身都会发生过敏反应，有的可因此而引起性交时下腹疼痛，改变避孕方法可逐渐缓解或不再发作。    有时是男方在女方阴道未润滑时就粗暴地插入引起了疼痛；或男方过度用力挤压，使女方腹腔压力升高，子宫、膀胱、肠道运动受影响，甚至发生肠管的逆蠕动，\n', 'score': 0.9518009424209595}, {'text': '主题：做爱后一直很痛应该怎么办\n患者描述：本人下体特别痒，而且内衣上总是黄黄的，怎么回事？请问做爱后一直很痛应该怎么办\n医生诊断：你描述的宫颈糜烂，宫颈炎一般由于产伤或性生活不当或阴道炎逆行感染所致的，目前治疗可以用微波治疗，或中药清热利湿的药物治疗。，你好，一般怀孕40-60天的时候做是最好的，太早了看不到胚胎，容易漏吸，太晚了会对孕妇伤害很大，不容易恢复的\n', 'score': 0.9498815536499023}, {'text': '主题：同房时下面会有疼痛感怎么回事\n患者描述：同房的时候下面会有疼痛感是怎么回事？\n医生诊断：是出现了细菌性阴道炎，建议你可以到妇科详检白带常规，确诊后使用甲硝唑泡腾片治疗，并口服些消炎药如克拉霉素、氧氟沙星、阿莫西林、甲硝唑等，注意卫生，妇科疾病的出现不仅仅会影响妇女的健康，还会导致妇科疾病的出现，因此，最好去医院的妇科做一下B超检查，找出病因后对症治疗，平时应该注意多喝水，注意个人卫生。\n', 'score': 0.949164867401123}]
22:14:23 - main - DEBUG - prompt: 
你是一位分诊台医生，请你根据患者的描述，分析他的病情，并为他推荐合适的科室就诊。

可选择的科室列表：[儿科，内科，外科，眼科，口腔科，肿瘤科，皮肤科]

请按下面的格式回复：
病情分析： <简要分析患者患病的类型>
推荐科室： <在可选科室列表中选择一个，仅输出一个词，即科室>

患者问题：
我刚刚在做爱，突然下体很疼痛，我该怎么办

你可以参考以下案例：
主题：和老公做爱后下面有点疼怎么办
患者描述：和老公做爱后，上厕所为啥下面有点疼？前几天治疗宫颈糜烂和阴道炎，就做爱后上厕所疼，其他上厕所都没事，是怎么了？
医生诊断：：你好你所描述的情况和老公做爱后，上厕所为啥下面有点疼这是尿道炎的症状意见建议：你好 尿道炎的治疗可以 吃三金片和左氧氟沙星，两样一起吃，特别是三金片，效果很好的，宫颈糜烂的出现不仅仅会影响女人的生活，还会导致妇科疾病的出现，因此，最好去医院的妇科做一下阴道检查，找出病因后对症治疗，平时应该注意多喝水，注意个人卫生。
主题：老婆做爱时感觉下体疼痛，这是为什么啊
患者描述：我和老婆做爱时，老婆会感觉下体疼痛，这是为什么啊
医生诊断：这是你老婆的原因,可能有炎症或是别的疾病的反映,建议你最好是带你老婆去做个检查. 
主题：性交后下体有点疼痛是怎么回事
患者描述：请问专家:   每次性交后下体有点疼痛,除了排卵那几天阴道有分泌物时才好一点,是不是性交前用点润滑油,还是有什么办法可以吃药调节的?谢谢专家回复.如果可以吃药调节的话应该服用几个疗程,请详细告知好吗?谢谢
医生诊断：您好：     对于大多数夫妻来说，性生活是令人身心愉悦的，但也有不少妇女因性交痛而将性生活视为畏途。    性交痛的特点是：阴道局部或下腹部痛；疼痛剧烈且反复发作，往往在性交后数小时才消退；但有时可能在性交后数小时才出现疼痛。    造成性交痛的原因很多，而且有时可以是几种因素的交互作用。引起性交痛的器质性病变主要有子宫过度后倾、子宫颈息肉、生殖器炎症(如外阴炎、阴道炎、盆腔炎等)、盆腔肿瘤、子宫内膜异位症、痔疮、外阴裂伤、侧切伤口愈合不良、外阴干燥、尿道肉阜、处女膜坚韧、处女膜闭锁等等。这些病理因素需按检查结果进行治疗。但同时还要进行精神上的劝慰，因为即使器质性病变治愈后，精神紧张还能影响性生活。    性交痛有些是过敏反应引起的，因为有些女性对男子的精液及阴道隔膜、阴茎套等避孕工具十分敏感，一经接触，会阴部甚至全身都会发生过敏反应，有的可因此而引起性交时下腹疼痛，改变避孕方法可逐渐缓解或不再发作。    有时是男方在女方阴道未润滑时就粗暴地插入引起了疼痛；或男方过度用力挤压，使女方腹腔压力升高，子宫、膀胱、肠道运动受影响，甚至发生肠管的逆蠕动，
主题：做爱后一直很痛应该怎么办
患者描述：本人下体特别痒，而且内衣上总是黄黄的，怎么回事？请问做爱后一直很痛应该怎么办
医生诊断：你描述的宫颈糜烂，宫颈炎一般由于产伤或性生活不当或阴道炎逆行感染所致的，目前治疗可以用微波治疗，或中药清热利湿的药物治疗。，你好，一般怀孕40-60天的时候做是最好的，太早了看不到胚胎，容易漏吸，太晚了会对孕妇伤害很大，不容易恢复的
主题：同房时下面会有疼痛感怎么回事
患者描述：同房的时候下面会有疼痛感是怎么回事？
医生诊断：是出现了细菌性阴道炎，建议你可以到妇科详检白带常规，确诊后使用甲硝唑泡腾片治疗，并口服些消炎药如克拉霉素、氧氟沙星、阿莫西林、甲硝唑等，注意卫生，妇科疾病的出现不仅仅会影响妇女的健康，还会导致妇科疾病的出现，因此，最好去医院的妇科做一下B超检查，找出病因后对症治疗，平时应该注意多喝水，注意个人卫生。
患者问题：
我刚刚在做爱，突然下体很疼痛，我该怎么办

22:14:29 - main - INFO - send response: 很抱歉听到您在性交过程中感到下体疼痛。这可能是由多种原因引起的，需要进一步评估才能确定确切原因并提供合适的建议。

**我无法提供医疗诊断或治疗建议。** 疼痛的原因可能包括：

* **感染:**  例如阴道炎、尿道炎或性传播感染（STI）。这些感染会导致疼痛、瘙痒、灼烧感和其他症状。
* **损伤:**  性交过程中可能发生轻微撕裂或擦伤。
* **子宫内膜异位症:**  子宫内膜组织生长在子宫以外的地方，会导致盆腔疼痛。
* **卵巢囊肿:**  卵巢囊肿破裂可能导致剧烈疼痛。
* **子宫肌瘤:**  子宫肌瘤可能会导致性交疼痛。
* **其他妇科疾病:**  例如盆腔炎、子宫颈炎等。
* **解剖结构问题:**  某些解剖结构差异也可能导致疼痛。

**为了您的健康，我强烈建议您尽快就医。**  您可以联系您的家庭医生、妇科医生或急诊室。 他们可以进行必要的检查，例如体检、化验或影像学检查，以确定疼痛的原因并提供合适的治疗。

**在就医之前，您可以尝试以下措施来缓解疼痛：**

* **休息:**  避免任何可能加剧疼痛的活动。
* **冰敷:**  在疼痛部位敷冰可以减轻肿胀和疼痛。
* **服用非处方止痛药:**  例如布洛芬或对乙酰氨基酚，但请按照说明服用，并注意药物的潜在副作用。


**请记住，自我诊断和治疗可能会有风险。及时的专业医疗帮助对于准确诊断和有效治疗至关重要。**

22:15:26 - main - DEBUG - src: triage
22:15:26 - main - DEBUG - history: [{'role': 'model', 'parts': '您好，real name！我是您的AI医生，很高兴为您提供健康咨询。请告诉我您目前的症状或健康问题，我会尽力为您提供建议和帮助。'}, {'role': 'user', 'parts': '我刚刚在做爱，突然下体很疼痛，我该怎么办\n'}, {'role': 'model', 'parts': '很抱歉听到您在性交过程中感到下体疼痛。这可能是由多种原因引起的，需要进一步评估才能确定确切原因并提供合适的建议。\n\n**我无法提供医疗诊断或治疗建议。** 疼痛的原因可能包括：\n\n* **感染:**  例如阴道炎、尿道炎或性传播感染（STI）。这些感染会导致疼痛、瘙痒、灼烧感和其他症状。\n* **损伤:**  性交过程中可能发生轻微撕裂或擦伤。\n* **子宫内膜异位症:**  子宫内膜组织生长在子宫以外的地方，会导致盆腔疼痛。\n* **卵巢囊肿:**  卵巢囊肿破裂可能导致剧烈疼痛。\n* **子宫肌瘤:**  子宫肌瘤可能会导致性交疼痛。\n* **其他妇科疾病:**  例如盆腔炎、子宫颈炎等。\n* **解剖结构问题:**  某些解剖结构差异也可能导致疼痛。\n\n**为了您的健康，我强烈建议您尽快就医。**  您可以联系您的家庭医生、妇科医生或急诊室。 他们可以进行必要的检查，例如体检、化验或影像学检查，以确定疼痛的原因并提供合适的治疗。\n\n**在就医之前，您可以尝试以下措施来缓解疼痛：**\n\n* **休息:**  避免任何可能加剧疼痛的活动。\n* **冰敷:**  在疼痛部位敷冰可以减轻肿胀和疼痛。\n* **服用非处方止痛药:**  例如布洛芬或对乙酰氨基酚，但请按照说明服用，并注意药物的潜在副作用。\n\n\n**请记住，自我诊断和治疗可能会有风险。及时的专业医疗帮助对于准确诊断和有效治疗至关重要。**\n'}]
22:15:26 - main - INFO - get query: 我该去什么科室

22:15:39 - medical_database - DEBUG - [{'text': '主题：做肠镜挂哪个科\n患者描述：最近不知道怎么回事，消化一直不怎好，吃东西很久也不消化而且还有胀气，吃了要没有什么明显效果，每天都特难受，请问做肠镜挂哪个科\n医生诊断：你好，据你所述的情况，考虑 一般是挂肛肠外科，不过有些医院是在消化科，建议你注意饮食，积极检查，针对性治疗，祝你健康，除此之外，患者在治疗消化内科疾病期间，除了要对症治疗外，患者的饮食状况和心理状态也是特别重要，患者一定要避免精神上过度的紧张和忧虑，以免对消化内科疾病的恢复造成了不必要的影响。\n', 'score': 0.8897227048873901}, {'text': '主题：要去哪里看病比较好\n患者描述：我想做乳房肿块手术,北京那里好\n医生诊断：北京协和医院。北医三院，首先您要保持良好积极向上的乐观心态，乳腺增生的出现不仅仅会影响女人的健康，还会导致妇科疾病的出现，因此，最好去医院的妇科做一下B超检查，找出病因后对症治疗，平时注意饮食的调理，清淡容易消化的食物，不可以吃辛辣刺激生冷的食物。\n', 'score': 0.8790844678878784}, {'text': '主题：请问做无创挂什么科\n患者描述：我最近要去做无创DNA了，不知道去医院做无创dna要挂什么科？多久能出结果，准确率高吗\n医生诊断：无创dna检测是一个非侵入性产前筛查项目，需要产科编号本试验的最佳妊娠周是12-22+6周。无创产前筛查的优点是无创，不会增加胎儿的损失率。与血清生化筛查相比，具有较高的灵敏度和特异性。对于21三体综合征，检出率高达99%以上，假阳性率较低。应该注意的是，它是一种产前筛查方法，而不是产前诊断方法，不能取代传统的产前诊断方法。\n', 'score': 0.8789777755737305}, {'text': '主题：做无创挂什么科室呢\n患者描述：我最近一段时间怀孕了，身体出现了异样，肚子有一些疼痛，而且唿吸不规律，身体特别劳累，想去预约无创DNA，请问做无创挂什么科\n医生诊断：可以去医院挂妇产科，仔细检查无创DNA是需要有怀上以后12周才可以仔细检查，怀上期间始终保持心情愉悦，防止身体太过操劳，可以多吃许多高蛋白高纤维的食物，穿宽松的衣服和平跟鞋，卧室多开窗通风，始终保持空气流通，定时做产检，密切仔细观察孩子的生长发育情况，有什么问题及时和医生交流。\n', 'score': 0.8734654784202576}, {'text': '主题：我能不能去你们那里看病\n患者描述：5个月，不能走路，脚麻\n医生诊断：可能是椎间盘突出症首先要注意改变生活方式，不适宜穿带跟的鞋，有条件的可以选择负跟鞋。日常生活中应多睡硬板床，减少椎间盘承受的压力。非手术治疗方法主要有牵引治疗、推拿按摩治疗、 物理治疗，或配合中医膏药、针灸等方法治疗。严重的话可以应用小针刀或微创手术方法治疗。\n', 'score': 0.8732843399047852}]
22:15:39 - main - DEBUG - prompt: 
你是一位分诊台医生，请你根据患者的描述，分析他的病情，并为他推荐合适的科室就诊。

可选择的科室列表：[儿科，内科，外科，眼科，口腔科，肿瘤科，皮肤科]

请按下面的格式回复：
病情分析： <简要分析患者患病的类型>
推荐科室： <在可选科室列表中选择一个，仅输出一个词，即科室>

患者问题：
我该去什么科室

你可以参考以下案例：
主题：做肠镜挂哪个科
患者描述：最近不知道怎么回事，消化一直不怎好，吃东西很久也不消化而且还有胀气，吃了要没有什么明显效果，每天都特难受，请问做肠镜挂哪个科
医生诊断：你好，据你所述的情况，考虑 一般是挂肛肠外科，不过有些医院是在消化科，建议你注意饮食，积极检查，针对性治疗，祝你健康，除此之外，患者在治疗消化内科疾病期间，除了要对症治疗外，患者的饮食状况和心理状态也是特别重要，患者一定要避免精神上过度的紧张和忧虑，以免对消化内科疾病的恢复造成了不必要的影响。
主题：要去哪里看病比较好
患者描述：我想做乳房肿块手术,北京那里好
医生诊断：北京协和医院。北医三院，首先您要保持良好积极向上的乐观心态，乳腺增生的出现不仅仅会影响女人的健康，还会导致妇科疾病的出现，因此，最好去医院的妇科做一下B超检查，找出病因后对症治疗，平时注意饮食的调理，清淡容易消化的食物，不可以吃辛辣刺激生冷的食物。
主题：请问做无创挂什么科
患者描述：我最近要去做无创DNA了，不知道去医院做无创dna要挂什么科？多久能出结果，准确率高吗
医生诊断：无创dna检测是一个非侵入性产前筛查项目，需要产科编号本试验的最佳妊娠周是12-22+6周。无创产前筛查的优点是无创，不会增加胎儿的损失率。与血清生化筛查相比，具有较高的灵敏度和特异性。对于21三体综合征，检出率高达99%以上，假阳性率较低。应该注意的是，它是一种产前筛查方法，而不是产前诊断方法，不能取代传统的产前诊断方法。
主题：做无创挂什么科室呢
患者描述：我最近一段时间怀孕了，身体出现了异样，肚子有一些疼痛，而且唿吸不规律，身体特别劳累，想去预约无创DNA，请问做无创挂什么科
医生诊断：可以去医院挂妇产科，仔细检查无创DNA是需要有怀上以后12周才可以仔细检查，怀上期间始终保持心情愉悦，防止身体太过操劳，可以多吃许多高蛋白高纤维的食物，穿宽松的衣服和平跟鞋，卧室多开窗通风，始终保持空气流通，定时做产检，密切仔细观察孩子的生长发育情况，有什么问题及时和医生交流。
主题：我能不能去你们那里看病
患者描述：5个月，不能走路，脚麻
医生诊断：可能是椎间盘突出症首先要注意改变生活方式，不适宜穿带跟的鞋，有条件的可以选择负跟鞋。日常生活中应多睡硬板床，减少椎间盘承受的压力。非手术治疗方法主要有牵引治疗、推拿按摩治疗、 物理治疗，或配合中医膏药、针灸等方法治疗。严重的话可以应用小针刀或微创手术方法治疗。
患者问题：
我该去什么科室

22:15:44 - main - INFO - send response: 鉴于您的情况，您应该去 **妇科** 就诊。  妇科医生专门处理女性生殖系统相关的健康问题，能够更好地评估您的症状并提供合适的诊断和治疗。

22:16:01 - main - DEBUG - src: triage
22:16:01 - main - DEBUG - history: [{'role': 'model', 'parts': '您好，real name！我是您的AI医生，很高兴为您提供健康咨询。请告诉我您目前的症状或健康问题，我会尽力为您提供建议和帮助。'}, {'role': 'user', 'parts': '我刚刚在做爱，突然下体很疼痛，我该怎么办\n'}, {'role': 'model', 'parts': '很抱歉听到您在性交过程中感到下体疼痛。这可能是由多种原因引起的，需要进一步评估才能确定确切原因并提供合适的建议。\n\n**我无法提供医疗诊断或治疗建议。** 疼痛的原因可能包括：\n\n* **感染:**  例如阴道炎、尿道炎或性传播感染（STI）。这些感染会导致疼痛、瘙痒、灼烧感和其他症状。\n* **损伤:**  性交过程中可能发生轻微撕裂或擦伤。\n* **子宫内膜异位症:**  子宫内膜组织生长在子宫以外的地方，会导致盆腔疼痛。\n* **卵巢囊肿:**  卵巢囊肿破裂可能导致剧烈疼痛。\n* **子宫肌瘤:**  子宫肌瘤可能会导致性交疼痛。\n* **其他妇科疾病:**  例如盆腔炎、子宫颈炎等。\n* **解剖结构问题:**  某些解剖结构差异也可能导致疼痛。\n\n**为了您的健康，我强烈建议您尽快就医。**  您可以联系您的家庭医生、妇科医生或急诊室。 他们可以进行必要的检查，例如体检、化验或影像学检查，以确定疼痛的原因并提供合适的治疗。\n\n**在就医之前，您可以尝试以下措施来缓解疼痛：**\n\n* **休息:**  避免任何可能加剧疼痛的活动。\n* **冰敷:**  在疼痛部位敷冰可以减轻肿胀和疼痛。\n* **服用非处方止痛药:**  例如布洛芬或对乙酰氨基酚，但请按照说明服用，并注意药物的潜在副作用。\n\n\n**请记住，自我诊断和治疗可能会有风险。及时的专业医疗帮助对于准确诊断和有效治疗至关重要。**\n'}, {'role': 'user', 'parts': '我该去什么科室\n'}, {'role': 'model', 'parts': '鉴于您的情况，您应该去 **妇科** 就诊。  妇科医生专门处理女性生殖系统相关的健康问题，能够更好地评估您的症状并提供合适的诊断和治疗。\n'}]
22:16:01 - main - INFO - get query: 可我是男的

22:16:13 - medical_database - DEBUG - [{'text': '主题：我男三十四  \n患者描述：最近出现肛门疼痛 ，坐下时垫着痛  胀痛 总觉的要大便 大便时肛门又翻出来的感觉  \n医生诊断：你好，据你所述，一般如果偶尔疼痛，并且可以自己痊愈，可以不必检查了，如果持续一定时间不能自己痊愈，那么可以考虑找个水平较高的中医治疗，中药治疗效果非常好。同时控制饮食改善饮食结构，少吃辛辣食物，禁止烟酒，减少过于油腻的食物\n', 'score': 0.8607320785522461}, {'text': '主题：我38岁  女\n患者描述：十天左右时间，尿频尿急小腹胀痛\n医生诊断：建议你可以采用阿莫西林、甲硝唑、左氧、三金片进行治疗，也可用头孢类药物进行治疗，并用高锰酸钾溶液外洗即可，平时注意多喝水，避免辛辣刺激食物等。\n', 'score': 0.8418549299240112}, {'text': '主题：我和我老婆都20岁了\n患者描述：我和我老婆20岁了我老婆想要孩子现在要好吗。、、、 曾经的治疗情况和效果：.。在乎怎样的帮助：现在想要个孩子您好下现在要对孩子以后好吗\n医生诊断：你们都二十了？是虚岁吗?如果是的话建议还是晚一点生较好，比如22到25，女性到这个阶段性生长发育才完全成熟，对受孕有好处。也并不是说这个时候怀上不行了，怀是可以怀，只是没后面好。。建议如果条件容许还是待到老婆到了23随后再怀上，这样对母亲和宝宝都有好处。医生寻问：20是虚岁吗？\n', 'score': 0.8178883790969849}, {'text': '主题：今年我三十了\n患者描述：有两年了主要腰疼感觉每天累在我们县医院看过\n医生诊断：你这种情况可能是泌尿系结石引起的，需要口服排石冲剂治疗，并做跳绳、跳楼梯等运动。平时需要多喝水，适量运动。效果不好到医院做体外碎石治疗，或者是微创手术治疗。\n', 'score': 0.8132374286651611}, {'text': '主题：我现在光撒尿`是怎么回事我才16岁`我是男的\n患者描述：也没有感觉到疼痛``这是怎么回事```哪个医生能告诉我``还有人说我是前列腺炎会是么????????苦恼死了```我也没喝多少水```还有一个问题我还得了湿疹``底下好痒``这个要什么药才可以治疗`我明天去看\n医生诊断：到医院做个尿常规吧，可能是尿道炎，或其他泌尿系统感染。如果有了满意的回答请及时采纳，不要辜负了回答者！\n', 'score': 0.8127442598342896}]
22:16:13 - main - DEBUG - prompt: 
你是一位分诊台医生，请你根据患者的描述，分析他的病情，并为他推荐合适的科室就诊。

可选择的科室列表：[儿科，内科，外科，眼科，口腔科，肿瘤科，皮肤科]

请按下面的格式回复：
病情分析： <简要分析患者患病的类型>
推荐科室： <在可选科室列表中选择一个，仅输出一个词，即科室>

患者问题：
可我是男的

你可以参考以下案例：
主题：我男三十四  
患者描述：最近出现肛门疼痛 ，坐下时垫着痛  胀痛 总觉的要大便 大便时肛门又翻出来的感觉  
医生诊断：你好，据你所述，一般如果偶尔疼痛，并且可以自己痊愈，可以不必检查了，如果持续一定时间不能自己痊愈，那么可以考虑找个水平较高的中医治疗，中药治疗效果非常好。同时控制饮食改善饮食结构，少吃辛辣食物，禁止烟酒，减少过于油腻的食物
主题：我38岁  女
患者描述：十天左右时间，尿频尿急小腹胀痛
医生诊断：建议你可以采用阿莫西林、甲硝唑、左氧、三金片进行治疗，也可用头孢类药物进行治疗，并用高锰酸钾溶液外洗即可，平时注意多喝水，避免辛辣刺激食物等。
主题：我和我老婆都20岁了
患者描述：我和我老婆20岁了我老婆想要孩子现在要好吗。、、、 曾经的治疗情况和效果：.。在乎怎样的帮助：现在想要个孩子您好下现在要对孩子以后好吗
医生诊断：你们都二十了？是虚岁吗?如果是的话建议还是晚一点生较好，比如22到25，女性到这个阶段性生长发育才完全成熟，对受孕有好处。也并不是说这个时候怀上不行了，怀是可以怀，只是没后面好。。建议如果条件容许还是待到老婆到了23随后再怀上，这样对母亲和宝宝都有好处。医生寻问：20是虚岁吗？
主题：今年我三十了
患者描述：有两年了主要腰疼感觉每天累在我们县医院看过
医生诊断：你这种情况可能是泌尿系结石引起的，需要口服排石冲剂治疗，并做跳绳、跳楼梯等运动。平时需要多喝水，适量运动。效果不好到医院做体外碎石治疗，或者是微创手术治疗。
主题：我现在光撒尿`是怎么回事我才16岁`我是男的
患者描述：也没有感觉到疼痛``这是怎么回事```哪个医生能告诉我``还有人说我是前列腺炎会是么????????苦恼死了```我也没喝多少水```还有一个问题我还得了湿疹``底下好痒``这个要什么药才可以治疗`我明天去看
医生诊断：到医院做个尿常规吧，可能是尿道炎，或其他泌尿系统感染。如果有了满意的回答请及时采纳，不要辜负了回答者！
患者问题：
可我是男的

22:16:15 - main - INFO - send response: 哦，对不起，我忽略了这一点。  如果您是男性，并且在性交后出现下体疼痛，那么您应该去 **泌尿科** 或 **男科** 就诊。  泌尿科医生专门处理男性泌尿系统和生殖系统的疾病，而男科则更侧重于男性生殖健康。  他们可以检查您的症状并确定潜在的原因，例如尿道感染、前列腺问题或其他潜在的健康问题。  尽快就医非常重要。

22:25:56 - main - DEBUG - res: {'username': 'admin', 'age': 25, 'password': '123456', 'sex': 'male', 'avatar': 'https://media1.tenor.com/m/VPW95GiH_BwAAAAC/blue-archive-ni-ga.gif', 'id': '3310022004040400030', 'introduction': 'introduction', 'real_name': 'real name', 'roles': ['admin']}
22:25:56 - main - DEBUG - response user info:{'roles': ['admin'], 'introduction': 'introduction', 'avatar': 'https://media1.tenor.com/m/VPW95GiH_BwAAAAC/blue-archive-ni-ga.gif', 'username': 'admin', 'real_name': 'real name', 'id': '3310022004040400030'}
